Connecting to database specified by database.yml
Started GET "/meals" for 127.0.0.1 at 2013-04-08 19:43:39 +0300
Processing by MealsController#index as HTML
Completed 500 Internal Server Error in 215ms

ActiveRecord::StatementInvalid (Could not find table 'meals'):
  app/controllers/meals_controller.rb:5:in `index'


Started GET "/" for 127.0.0.1 at 2013-04-08 19:43:45 +0300
Processing by HomeController#index as HTML
  Rendered home/index.html.haml within layouts/application (122.0ms)
Completed 500 Internal Server Error in 238ms

ActionView::Template::Error (Could not find table 'users'):
    74:           12
    75:         .name
    76:           Tasks
    77: -if user_signed_in?
    78:   .sidebar.span5
    79:     %h3 User
    80:     = "Welcome, #{current_user.username}!"
  app/views/home/index.html.haml:77:in `_app_views_home_index_html_haml__760561573_86766250'


Started GET "/" for 127.0.0.1 at 2013-04-08 19:44:38 +0300
Processing by HomeController#index as HTML
  Rendered home/index.html.haml within layouts/application (5.0ms)
Completed 500 Internal Server Error in 8ms

ActionView::Template::Error (Could not find table 'users'):
    74:           12
    75:         .name
    76:           Tasks
    77: -if user_signed_in?
    78:   .sidebar.span5
    79:     %h3 User
    80:     = "Welcome, #{current_user.username}!"
  app/views/home/index.html.haml:77:in `_app_views_home_index_html_haml__760561573_86766250'


Started GET "/" for 127.0.0.1 at 2013-04-08 19:44:40 +0300
Processing by HomeController#index as HTML
  Rendered home/index.html.haml within layouts/application (7.5ms)
Completed 500 Internal Server Error in 11ms

ActionView::Template::Error (Could not find table 'users'):
    74:           12
    75:         .name
    76:           Tasks
    77: -if user_signed_in?
    78:   .sidebar.span5
    79:     %h3 User
    80:     = "Welcome, #{current_user.username}!"
  app/views/home/index.html.haml:77:in `_app_views_home_index_html_haml__760561573_86766250'


Started GET "/" for 127.0.0.1 at 2013-04-08 19:45:23 +0300
Processing by HomeController#index as HTML
  Rendered home/index.html.haml within layouts/application (5.3ms)
Completed 500 Internal Server Error in 8ms

ActionView::Template::Error (Could not find table 'users'):
    74:           12
    75:         .name
    76:           Tasks
    77: -if user_signed_in?
    78:   .sidebar.span5
    79:     %h3 User
    80:     = "Welcome, #{current_user.username}!"
  app/views/home/index.html.haml:77:in `_app_views_home_index_html_haml__760561573_86766250'


Started GET "/" for 127.0.0.1 at 2013-04-08 19:45:24 +0300
Processing by HomeController#index as HTML
  Rendered home/index.html.haml within layouts/application (5.4ms)
Completed 500 Internal Server Error in 9ms

ActionView::Template::Error (Could not find table 'users'):
    74:           12
    75:         .name
    76:           Tasks
    77: -if user_signed_in?
    78:   .sidebar.span5
    79:     %h3 User
    80:     = "Welcome, #{current_user.username}!"
  app/views/home/index.html.haml:77:in `_app_views_home_index_html_haml__760561573_86766250'


Started GET "/products" for 127.0.0.1 at 2013-04-08 19:45:37 +0300
Processing by ProductsController#index as HTML
Completed 500 Internal Server Error in 16ms

ActiveRecord::StatementInvalid (Could not find table 'users'):
  activerecord (3.2.13) lib/active_record/connection_adapters/sqlite_adapter.rb:472:in `table_structure'
  activerecord (3.2.13) lib/active_record/connection_adapters/sqlite_adapter.rb:346:in `columns'
  activerecord (3.2.13) lib/active_record/connection_adapters/schema_cache.rb:12:in `block in initialize'
  activerecord (3.2.13) lib/active_record/model_schema.rb:228:in `yield'
  activerecord (3.2.13) lib/active_record/model_schema.rb:228:in `default'
  activerecord (3.2.13) lib/active_record/model_schema.rb:228:in `columns'
  activerecord (3.2.13) lib/active_record/model_schema.rb:237:in `columns_hash'
  activerecord (3.2.13) lib/active_record/locking/optimistic.rb:131:in `locking_enabled?'
  activerecord (3.2.13) lib/active_record/relation.rb:170:in `exec_queries'
  activerecord (3.2.13) lib/active_record/relation.rb:160:in `block in to_a'
  activerecord (3.2.13) lib/active_record/explain.rb:41:in `logging_query_plan'
  activerecord (3.2.13) lib/active_record/relation.rb:159:in `to_a'
  activerecord (3.2.13) lib/active_record/relation/finder_methods.rb:380:in `find_first'
  activerecord (3.2.13) lib/active_record/relation/finder_methods.rb:122:in `first'
  orm_adapter (0.4.0) lib/orm_adapter/adapters/active_record.rb:17:in `get'
  devise (2.2.3) lib/devise/models/authenticatable.rb:192:in `serialize_from_session'
  devise (2.2.3) lib/devise/rails/warden_compat.rb:29:in `deserialize'
  warden (1.2.1) lib/warden/session_serializer.rb:35:in `fetch'
  warden (1.2.1) lib/warden/proxy.rb:212:in `user'
  warden (1.2.1) lib/warden/proxy.rb:318:in `_perform_authentication'
  warden (1.2.1) lib/warden/proxy.rb:104:in `authenticate'
  devise (2.2.3) lib/devise/controllers/helpers.rb:56:in `current_user'
  cancan (1.6.9) lib/cancan/controller_additions.rb:352:in `current_ability'
  cancan (1.6.9) lib/cancan/controller_resource.rb:207:in `current_ability'
  cancan (1.6.9) lib/cancan/controller_resource.rb:77:in `load_collection?'
  cancan (1.6.9) lib/cancan/controller_resource.rb:33:in `load_resource'
  cancan (1.6.9) lib/cancan/controller_resource.rb:25:in `load_and_authorize_resource'
  cancan (1.6.9) lib/cancan/controller_resource.rb:10:in `block in add_before_filter'
  activesupport (3.2.13) lib/active_support/callbacks.rb:418:in `_run__283771601__process_action__468315723__callbacks'
  activesupport (3.2.13) lib/active_support/callbacks.rb:405:in `__run_callback'
  activesupport (3.2.13) lib/active_support/callbacks.rb:385:in `_run_process_action_callbacks'
  activesupport (3.2.13) lib/active_support/callbacks.rb:81:in `run_callbacks'
  actionpack (3.2.13) lib/abstract_controller/callbacks.rb:17:in `process_action'
  actionpack (3.2.13) lib/action_controller/metal/rescue.rb:29:in `process_action'
  actionpack (3.2.13) lib/action_controller/metal/instrumentation.rb:30:in `block in process_action'
  activesupport (3.2.13) lib/active_support/notifications.rb:123:in `block in instrument'
  activesupport (3.2.13) lib/active_support/notifications/instrumenter.rb:20:in `instrument'
  activesupport (3.2.13) lib/active_support/notifications.rb:123:in `instrument'
  actionpack (3.2.13) lib/action_controller/metal/instrumentation.rb:29:in `process_action'
  actionpack (3.2.13) lib/action_controller/metal/params_wrapper.rb:207:in `process_action'
  activerecord (3.2.13) lib/active_record/railties/controller_runtime.rb:18:in `process_action'
  actionpack (3.2.13) lib/abstract_controller/base.rb:121:in `process'
  actionpack (3.2.13) lib/abstract_controller/rendering.rb:45:in `process'
  actionpack (3.2.13) lib/action_controller/metal.rb:203:in `dispatch'
  actionpack (3.2.13) lib/action_controller/metal/rack_delegation.rb:14:in `dispatch'
  actionpack (3.2.13) lib/action_controller/metal.rb:246:in `block in action'
  actionpack (3.2.13) lib/action_dispatch/routing/route_set.rb:73:in `call'
  actionpack (3.2.13) lib/action_dispatch/routing/route_set.rb:73:in `dispatch'
  actionpack (3.2.13) lib/action_dispatch/routing/route_set.rb:36:in `call'
  journey (1.0.4) lib/journey/router.rb:68:in `block in call'
  journey (1.0.4) lib/journey/router.rb:56:in `each'
  journey (1.0.4) lib/journey/router.rb:56:in `call'
  actionpack (3.2.13) lib/action_dispatch/routing/route_set.rb:612:in `call'
  warden (1.2.1) lib/warden/manager.rb:35:in `block in call'
  warden (1.2.1) lib/warden/manager.rb:34:in `catch'
  warden (1.2.1) lib/warden/manager.rb:34:in `call'
  actionpack (3.2.13) lib/action_dispatch/middleware/best_standards_support.rb:17:in `call'
  rack (1.4.5) lib/rack/etag.rb:23:in `call'
  rack (1.4.5) lib/rack/conditionalget.rb:25:in `call'
  actionpack (3.2.13) lib/action_dispatch/middleware/head.rb:14:in `call'
  actionpack (3.2.13) lib/action_dispatch/middleware/params_parser.rb:21:in `call'
  actionpack (3.2.13) lib/action_dispatch/middleware/flash.rb:242:in `call'
  rack (1.4.5) lib/rack/session/abstract/id.rb:210:in `context'
  rack (1.4.5) lib/rack/session/abstract/id.rb:205:in `call'
  actionpack (3.2.13) lib/action_dispatch/middleware/cookies.rb:341:in `call'
  activerecord (3.2.13) lib/active_record/query_cache.rb:64:in `call'
  activerecord (3.2.13) lib/active_record/connection_adapters/abstract/connection_pool.rb:479:in `call'
  actionpack (3.2.13) lib/action_dispatch/middleware/callbacks.rb:28:in `block in call'
  activesupport (3.2.13) lib/active_support/callbacks.rb:405:in `_run__461568204__call__279940173__callbacks'
  activesupport (3.2.13) lib/active_support/callbacks.rb:405:in `__run_callback'
  activesupport (3.2.13) lib/active_support/callbacks.rb:385:in `_run_call_callbacks'
  activesupport (3.2.13) lib/active_support/callbacks.rb:81:in `run_callbacks'
  actionpack (3.2.13) lib/action_dispatch/middleware/callbacks.rb:27:in `call'
  actionpack (3.2.13) lib/action_dispatch/middleware/remote_ip.rb:31:in `call'
  actionpack (3.2.13) lib/action_dispatch/middleware/debug_exceptions.rb:16:in `call'
  actionpack (3.2.13) lib/action_dispatch/middleware/show_exceptions.rb:56:in `call'
  railties (3.2.13) lib/rails/rack/logger.rb:32:in `call_app'
  railties (3.2.13) lib/rails/rack/logger.rb:16:in `block in call'
  activesupport (3.2.13) lib/active_support/tagged_logging.rb:22:in `tagged'
  railties (3.2.13) lib/rails/rack/logger.rb:16:in `call'
  actionpack (3.2.13) lib/action_dispatch/middleware/request_id.rb:22:in `call'
  rack (1.4.5) lib/rack/methodoverride.rb:21:in `call'
  rack (1.4.5) lib/rack/runtime.rb:17:in `call'
  activesupport (3.2.13) lib/active_support/cache/strategy/local_cache.rb:72:in `call'
  rack (1.4.5) lib/rack/lock.rb:15:in `call'
  rack-cache (1.2) lib/rack/cache/context.rb:136:in `forward'
  rack-cache (1.2) lib/rack/cache/context.rb:245:in `fetch'
  rack-cache (1.2) lib/rack/cache/context.rb:185:in `lookup'
  rack-cache (1.2) lib/rack/cache/context.rb:66:in `call!'
  rack-cache (1.2) lib/rack/cache/context.rb:51:in `call'
  railties (3.2.13) lib/rails/engine.rb:479:in `call'
  railties (3.2.13) lib/rails/application.rb:223:in `call'
  rack (1.4.5) lib/rack/content_length.rb:14:in `call'
  railties (3.2.13) lib/rails/rack/log_tailer.rb:17:in `call'
  rack (1.4.5) lib/rack/handler/webrick.rb:59:in `service'
  /home/hell/.rvm/rubies/ruby-1.9.3-p374/lib/ruby/1.9.1/webrick/httpserver.rb:138:in `service'
  /home/hell/.rvm/rubies/ruby-1.9.3-p374/lib/ruby/1.9.1/webrick/httpserver.rb:94:in `run'
  /home/hell/.rvm/rubies/ruby-1.9.3-p374/lib/ruby/1.9.1/webrick/server.rb:191:in `block in start_thread'


Connecting to database specified by database.yml
Migrating to DeviseCreateUsers (20130326150921)
Migrating to CreateRoles (20130326151720)
Migrating to CreateRolesUsersJoinTable (20130326152150)
Migrating to CreateProducts (20130326184856)
Migrating to AddSystemToUser (20130326191216)
Migrating to CreateRecipes (20130405160905)
Migrating to CreateIngredients (20130405161938)
Migrating to CreateFoods (20130405214940)
Migrating to CreatePortions (20130408131647)
Migrating to CreateMeals (20130408132006)
Migrating to CreateDailyFoodRecords (20130408132515)
Started GET "/products" for 127.0.0.1 at 2013-04-08 19:48:02 +0300
Processing by ProductsController#index as HTML
Completed 500 Internal Server Error in 15ms

ActiveRecord::StatementInvalid (Could not find table 'users'):
  activerecord (3.2.13) lib/active_record/connection_adapters/sqlite_adapter.rb:472:in `table_structure'
  activerecord (3.2.13) lib/active_record/connection_adapters/sqlite_adapter.rb:346:in `columns'
  activerecord (3.2.13) lib/active_record/connection_adapters/schema_cache.rb:12:in `block in initialize'
  activerecord (3.2.13) lib/active_record/model_schema.rb:228:in `yield'
  activerecord (3.2.13) lib/active_record/model_schema.rb:228:in `default'
  activerecord (3.2.13) lib/active_record/model_schema.rb:228:in `columns'
  activerecord (3.2.13) lib/active_record/model_schema.rb:237:in `columns_hash'
  activerecord (3.2.13) lib/active_record/locking/optimistic.rb:131:in `locking_enabled?'
  activerecord (3.2.13) lib/active_record/relation.rb:170:in `exec_queries'
  activerecord (3.2.13) lib/active_record/relation.rb:160:in `block in to_a'
  activerecord (3.2.13) lib/active_record/explain.rb:41:in `logging_query_plan'
  activerecord (3.2.13) lib/active_record/relation.rb:159:in `to_a'
  activerecord (3.2.13) lib/active_record/relation/finder_methods.rb:380:in `find_first'
  activerecord (3.2.13) lib/active_record/relation/finder_methods.rb:122:in `first'
  orm_adapter (0.4.0) lib/orm_adapter/adapters/active_record.rb:17:in `get'
  devise (2.2.3) lib/devise/models/authenticatable.rb:192:in `serialize_from_session'
  devise (2.2.3) lib/devise/rails/warden_compat.rb:29:in `deserialize'
  warden (1.2.1) lib/warden/session_serializer.rb:35:in `fetch'
  warden (1.2.1) lib/warden/proxy.rb:212:in `user'
  warden (1.2.1) lib/warden/proxy.rb:318:in `_perform_authentication'
  warden (1.2.1) lib/warden/proxy.rb:104:in `authenticate'
  devise (2.2.3) lib/devise/controllers/helpers.rb:56:in `current_user'
  cancan (1.6.9) lib/cancan/controller_additions.rb:352:in `current_ability'
  cancan (1.6.9) lib/cancan/controller_resource.rb:207:in `current_ability'
  cancan (1.6.9) lib/cancan/controller_resource.rb:77:in `load_collection?'
  cancan (1.6.9) lib/cancan/controller_resource.rb:33:in `load_resource'
  cancan (1.6.9) lib/cancan/controller_resource.rb:25:in `load_and_authorize_resource'
  cancan (1.6.9) lib/cancan/controller_resource.rb:10:in `block in add_before_filter'
  activesupport (3.2.13) lib/active_support/callbacks.rb:418:in `_run__283771601__process_action__468315723__callbacks'
  activesupport (3.2.13) lib/active_support/callbacks.rb:405:in `__run_callback'
  activesupport (3.2.13) lib/active_support/callbacks.rb:385:in `_run_process_action_callbacks'
  activesupport (3.2.13) lib/active_support/callbacks.rb:81:in `run_callbacks'
  actionpack (3.2.13) lib/abstract_controller/callbacks.rb:17:in `process_action'
  actionpack (3.2.13) lib/action_controller/metal/rescue.rb:29:in `process_action'
  actionpack (3.2.13) lib/action_controller/metal/instrumentation.rb:30:in `block in process_action'
  activesupport (3.2.13) lib/active_support/notifications.rb:123:in `block in instrument'
  activesupport (3.2.13) lib/active_support/notifications/instrumenter.rb:20:in `instrument'
  activesupport (3.2.13) lib/active_support/notifications.rb:123:in `instrument'
  actionpack (3.2.13) lib/action_controller/metal/instrumentation.rb:29:in `process_action'
  actionpack (3.2.13) lib/action_controller/metal/params_wrapper.rb:207:in `process_action'
  activerecord (3.2.13) lib/active_record/railties/controller_runtime.rb:18:in `process_action'
  actionpack (3.2.13) lib/abstract_controller/base.rb:121:in `process'
  actionpack (3.2.13) lib/abstract_controller/rendering.rb:45:in `process'
  actionpack (3.2.13) lib/action_controller/metal.rb:203:in `dispatch'
  actionpack (3.2.13) lib/action_controller/metal/rack_delegation.rb:14:in `dispatch'
  actionpack (3.2.13) lib/action_controller/metal.rb:246:in `block in action'
  actionpack (3.2.13) lib/action_dispatch/routing/route_set.rb:73:in `call'
  actionpack (3.2.13) lib/action_dispatch/routing/route_set.rb:73:in `dispatch'
  actionpack (3.2.13) lib/action_dispatch/routing/route_set.rb:36:in `call'
  journey (1.0.4) lib/journey/router.rb:68:in `block in call'
  journey (1.0.4) lib/journey/router.rb:56:in `each'
  journey (1.0.4) lib/journey/router.rb:56:in `call'
  actionpack (3.2.13) lib/action_dispatch/routing/route_set.rb:612:in `call'
  warden (1.2.1) lib/warden/manager.rb:35:in `block in call'
  warden (1.2.1) lib/warden/manager.rb:34:in `catch'
  warden (1.2.1) lib/warden/manager.rb:34:in `call'
  actionpack (3.2.13) lib/action_dispatch/middleware/best_standards_support.rb:17:in `call'
  rack (1.4.5) lib/rack/etag.rb:23:in `call'
  rack (1.4.5) lib/rack/conditionalget.rb:25:in `call'
  actionpack (3.2.13) lib/action_dispatch/middleware/head.rb:14:in `call'
  actionpack (3.2.13) lib/action_dispatch/middleware/params_parser.rb:21:in `call'
  actionpack (3.2.13) lib/action_dispatch/middleware/flash.rb:242:in `call'
  rack (1.4.5) lib/rack/session/abstract/id.rb:210:in `context'
  rack (1.4.5) lib/rack/session/abstract/id.rb:205:in `call'
  actionpack (3.2.13) lib/action_dispatch/middleware/cookies.rb:341:in `call'
  activerecord (3.2.13) lib/active_record/query_cache.rb:64:in `call'
  activerecord (3.2.13) lib/active_record/connection_adapters/abstract/connection_pool.rb:479:in `call'
  actionpack (3.2.13) lib/action_dispatch/middleware/callbacks.rb:28:in `block in call'
  activesupport (3.2.13) lib/active_support/callbacks.rb:405:in `_run__461568204__call__279940173__callbacks'
  activesupport (3.2.13) lib/active_support/callbacks.rb:405:in `__run_callback'
  activesupport (3.2.13) lib/active_support/callbacks.rb:385:in `_run_call_callbacks'
  activesupport (3.2.13) lib/active_support/callbacks.rb:81:in `run_callbacks'
  actionpack (3.2.13) lib/action_dispatch/middleware/callbacks.rb:27:in `call'
  actionpack (3.2.13) lib/action_dispatch/middleware/remote_ip.rb:31:in `call'
  actionpack (3.2.13) lib/action_dispatch/middleware/debug_exceptions.rb:16:in `call'
  actionpack (3.2.13) lib/action_dispatch/middleware/show_exceptions.rb:56:in `call'
  railties (3.2.13) lib/rails/rack/logger.rb:32:in `call_app'
  railties (3.2.13) lib/rails/rack/logger.rb:16:in `block in call'
  activesupport (3.2.13) lib/active_support/tagged_logging.rb:22:in `tagged'
  railties (3.2.13) lib/rails/rack/logger.rb:16:in `call'
  actionpack (3.2.13) lib/action_dispatch/middleware/request_id.rb:22:in `call'
  rack (1.4.5) lib/rack/methodoverride.rb:21:in `call'
  rack (1.4.5) lib/rack/runtime.rb:17:in `call'
  activesupport (3.2.13) lib/active_support/cache/strategy/local_cache.rb:72:in `call'
  rack (1.4.5) lib/rack/lock.rb:15:in `call'
  rack-cache (1.2) lib/rack/cache/context.rb:136:in `forward'
  rack-cache (1.2) lib/rack/cache/context.rb:245:in `fetch'
  rack-cache (1.2) lib/rack/cache/context.rb:185:in `lookup'
  rack-cache (1.2) lib/rack/cache/context.rb:66:in `call!'
  rack-cache (1.2) lib/rack/cache/context.rb:51:in `call'
  railties (3.2.13) lib/rails/engine.rb:479:in `call'
  railties (3.2.13) lib/rails/application.rb:223:in `call'
  rack (1.4.5) lib/rack/content_length.rb:14:in `call'
  railties (3.2.13) lib/rails/rack/log_tailer.rb:17:in `call'
  rack (1.4.5) lib/rack/handler/webrick.rb:59:in `service'
  /home/hell/.rvm/rubies/ruby-1.9.3-p374/lib/ruby/1.9.1/webrick/httpserver.rb:138:in `service'
  /home/hell/.rvm/rubies/ruby-1.9.3-p374/lib/ruby/1.9.1/webrick/httpserver.rb:94:in `run'
  /home/hell/.rvm/rubies/ruby-1.9.3-p374/lib/ruby/1.9.1/webrick/server.rb:191:in `block in start_thread'


Started GET "/products" for 127.0.0.1 at 2013-04-08 19:48:04 +0300
Processing by ProductsController#index as HTML
Completed 500 Internal Server Error in 11ms

ActiveRecord::StatementInvalid (Could not find table 'users'):
  activerecord (3.2.13) lib/active_record/connection_adapters/sqlite_adapter.rb:472:in `table_structure'
  activerecord (3.2.13) lib/active_record/connection_adapters/sqlite_adapter.rb:346:in `columns'
  activerecord (3.2.13) lib/active_record/connection_adapters/schema_cache.rb:12:in `block in initialize'
  activerecord (3.2.13) lib/active_record/model_schema.rb:228:in `yield'
  activerecord (3.2.13) lib/active_record/model_schema.rb:228:in `default'
  activerecord (3.2.13) lib/active_record/model_schema.rb:228:in `columns'
  activerecord (3.2.13) lib/active_record/model_schema.rb:237:in `columns_hash'
  activerecord (3.2.13) lib/active_record/locking/optimistic.rb:131:in `locking_enabled?'
  activerecord (3.2.13) lib/active_record/relation.rb:170:in `exec_queries'
  activerecord (3.2.13) lib/active_record/relation.rb:160:in `block in to_a'
  activerecord (3.2.13) lib/active_record/explain.rb:41:in `logging_query_plan'
  activerecord (3.2.13) lib/active_record/relation.rb:159:in `to_a'
  activerecord (3.2.13) lib/active_record/relation/finder_methods.rb:380:in `find_first'
  activerecord (3.2.13) lib/active_record/relation/finder_methods.rb:122:in `first'
  orm_adapter (0.4.0) lib/orm_adapter/adapters/active_record.rb:17:in `get'
  devise (2.2.3) lib/devise/models/authenticatable.rb:192:in `serialize_from_session'
  devise (2.2.3) lib/devise/rails/warden_compat.rb:29:in `deserialize'
  warden (1.2.1) lib/warden/session_serializer.rb:35:in `fetch'
  warden (1.2.1) lib/warden/proxy.rb:212:in `user'
  warden (1.2.1) lib/warden/proxy.rb:318:in `_perform_authentication'
  warden (1.2.1) lib/warden/proxy.rb:104:in `authenticate'
  devise (2.2.3) lib/devise/controllers/helpers.rb:56:in `current_user'
  cancan (1.6.9) lib/cancan/controller_additions.rb:352:in `current_ability'
  cancan (1.6.9) lib/cancan/controller_resource.rb:207:in `current_ability'
  cancan (1.6.9) lib/cancan/controller_resource.rb:77:in `load_collection?'
  cancan (1.6.9) lib/cancan/controller_resource.rb:33:in `load_resource'
  cancan (1.6.9) lib/cancan/controller_resource.rb:25:in `load_and_authorize_resource'
  cancan (1.6.9) lib/cancan/controller_resource.rb:10:in `block in add_before_filter'
  activesupport (3.2.13) lib/active_support/callbacks.rb:418:in `_run__283771601__process_action__468315723__callbacks'
  activesupport (3.2.13) lib/active_support/callbacks.rb:405:in `__run_callback'
  activesupport (3.2.13) lib/active_support/callbacks.rb:385:in `_run_process_action_callbacks'
  activesupport (3.2.13) lib/active_support/callbacks.rb:81:in `run_callbacks'
  actionpack (3.2.13) lib/abstract_controller/callbacks.rb:17:in `process_action'
  actionpack (3.2.13) lib/action_controller/metal/rescue.rb:29:in `process_action'
  actionpack (3.2.13) lib/action_controller/metal/instrumentation.rb:30:in `block in process_action'
  activesupport (3.2.13) lib/active_support/notifications.rb:123:in `block in instrument'
  activesupport (3.2.13) lib/active_support/notifications/instrumenter.rb:20:in `instrument'
  activesupport (3.2.13) lib/active_support/notifications.rb:123:in `instrument'
  actionpack (3.2.13) lib/action_controller/metal/instrumentation.rb:29:in `process_action'
  actionpack (3.2.13) lib/action_controller/metal/params_wrapper.rb:207:in `process_action'
  activerecord (3.2.13) lib/active_record/railties/controller_runtime.rb:18:in `process_action'
  actionpack (3.2.13) lib/abstract_controller/base.rb:121:in `process'
  actionpack (3.2.13) lib/abstract_controller/rendering.rb:45:in `process'
  actionpack (3.2.13) lib/action_controller/metal.rb:203:in `dispatch'
  actionpack (3.2.13) lib/action_controller/metal/rack_delegation.rb:14:in `dispatch'
  actionpack (3.2.13) lib/action_controller/metal.rb:246:in `block in action'
  actionpack (3.2.13) lib/action_dispatch/routing/route_set.rb:73:in `call'
  actionpack (3.2.13) lib/action_dispatch/routing/route_set.rb:73:in `dispatch'
  actionpack (3.2.13) lib/action_dispatch/routing/route_set.rb:36:in `call'
  journey (1.0.4) lib/journey/router.rb:68:in `block in call'
  journey (1.0.4) lib/journey/router.rb:56:in `each'
  journey (1.0.4) lib/journey/router.rb:56:in `call'
  actionpack (3.2.13) lib/action_dispatch/routing/route_set.rb:612:in `call'
  warden (1.2.1) lib/warden/manager.rb:35:in `block in call'
  warden (1.2.1) lib/warden/manager.rb:34:in `catch'
  warden (1.2.1) lib/warden/manager.rb:34:in `call'
  actionpack (3.2.13) lib/action_dispatch/middleware/best_standards_support.rb:17:in `call'
  rack (1.4.5) lib/rack/etag.rb:23:in `call'
  rack (1.4.5) lib/rack/conditionalget.rb:25:in `call'
  actionpack (3.2.13) lib/action_dispatch/middleware/head.rb:14:in `call'
  actionpack (3.2.13) lib/action_dispatch/middleware/params_parser.rb:21:in `call'
  actionpack (3.2.13) lib/action_dispatch/middleware/flash.rb:242:in `call'
  rack (1.4.5) lib/rack/session/abstract/id.rb:210:in `context'
  rack (1.4.5) lib/rack/session/abstract/id.rb:205:in `call'
  actionpack (3.2.13) lib/action_dispatch/middleware/cookies.rb:341:in `call'
  activerecord (3.2.13) lib/active_record/query_cache.rb:64:in `call'
  activerecord (3.2.13) lib/active_record/connection_adapters/abstract/connection_pool.rb:479:in `call'
  actionpack (3.2.13) lib/action_dispatch/middleware/callbacks.rb:28:in `block in call'
  activesupport (3.2.13) lib/active_support/callbacks.rb:405:in `_run__461568204__call__279940173__callbacks'
  activesupport (3.2.13) lib/active_support/callbacks.rb:405:in `__run_callback'
  activesupport (3.2.13) lib/active_support/callbacks.rb:385:in `_run_call_callbacks'
  activesupport (3.2.13) lib/active_support/callbacks.rb:81:in `run_callbacks'
  actionpack (3.2.13) lib/action_dispatch/middleware/callbacks.rb:27:in `call'
  actionpack (3.2.13) lib/action_dispatch/middleware/remote_ip.rb:31:in `call'
  actionpack (3.2.13) lib/action_dispatch/middleware/debug_exceptions.rb:16:in `call'
  actionpack (3.2.13) lib/action_dispatch/middleware/show_exceptions.rb:56:in `call'
  railties (3.2.13) lib/rails/rack/logger.rb:32:in `call_app'
  railties (3.2.13) lib/rails/rack/logger.rb:16:in `block in call'
  activesupport (3.2.13) lib/active_support/tagged_logging.rb:22:in `tagged'
  railties (3.2.13) lib/rails/rack/logger.rb:16:in `call'
  actionpack (3.2.13) lib/action_dispatch/middleware/request_id.rb:22:in `call'
  rack (1.4.5) lib/rack/methodoverride.rb:21:in `call'
  rack (1.4.5) lib/rack/runtime.rb:17:in `call'
  activesupport (3.2.13) lib/active_support/cache/strategy/local_cache.rb:72:in `call'
  rack (1.4.5) lib/rack/lock.rb:15:in `call'
  rack-cache (1.2) lib/rack/cache/context.rb:136:in `forward'
  rack-cache (1.2) lib/rack/cache/context.rb:245:in `fetch'
  rack-cache (1.2) lib/rack/cache/context.rb:185:in `lookup'
  rack-cache (1.2) lib/rack/cache/context.rb:66:in `call!'
  rack-cache (1.2) lib/rack/cache/context.rb:51:in `call'
  railties (3.2.13) lib/rails/engine.rb:479:in `call'
  railties (3.2.13) lib/rails/application.rb:223:in `call'
  rack (1.4.5) lib/rack/content_length.rb:14:in `call'
  railties (3.2.13) lib/rails/rack/log_tailer.rb:17:in `call'
  rack (1.4.5) lib/rack/handler/webrick.rb:59:in `service'
  /home/hell/.rvm/rubies/ruby-1.9.3-p374/lib/ruby/1.9.1/webrick/httpserver.rb:138:in `service'
  /home/hell/.rvm/rubies/ruby-1.9.3-p374/lib/ruby/1.9.1/webrick/httpserver.rb:94:in `run'
  /home/hell/.rvm/rubies/ruby-1.9.3-p374/lib/ruby/1.9.1/webrick/server.rb:191:in `block in start_thread'


Started GET "/" for 127.0.0.1 at 2013-04-08 19:48:18 +0300
Processing by HomeController#index as HTML
  Rendered home/index.html.haml within layouts/application (5.4ms)
Completed 500 Internal Server Error in 9ms

ActionView::Template::Error (Could not find table 'users'):
    74:           12
    75:         .name
    76:           Tasks
    77: -if user_signed_in?
    78:   .sidebar.span5
    79:     %h3 User
    80:     = "Welcome, #{current_user.username}!"
  app/views/home/index.html.haml:77:in `_app_views_home_index_html_haml__760561573_86766250'


Started GET "/" for 127.0.0.1 at 2013-04-08 19:48:20 +0300
Processing by HomeController#index as HTML
  Rendered home/index.html.haml within layouts/application (5.0ms)
Completed 500 Internal Server Error in 8ms

ActionView::Template::Error (Could not find table 'users'):
    74:           12
    75:         .name
    76:           Tasks
    77: -if user_signed_in?
    78:   .sidebar.span5
    79:     %h3 User
    80:     = "Welcome, #{current_user.username}!"
  app/views/home/index.html.haml:77:in `_app_views_home_index_html_haml__760561573_86766250'


Connecting to database specified by database.yml
Started GET "/" for 127.0.0.1 at 2013-04-08 19:48:47 +0300
Processing by HomeController#index as HTML
  Rendered home/index.html.haml within layouts/application (270.8ms)
Completed 500 Internal Server Error in 396ms

ActionView::Template::Error (application.css isn't precompiled):
    7:     %title
    8:       =yield_or_default(:title)
    9:     =csrf_meta_tags
    10:     =stylesheet_link_tag 'application', :media => 'all'
    11: 
    12:   %body.modern-ui
    13:     .page
  app/views/layouts/application.html.haml:10:in `_app_views_layouts_application_html_haml__492400637_78388670'


Started GET "/" for 127.0.0.1 at 2013-04-08 19:48:49 +0300
Processing by HomeController#index as HTML
  Rendered home/index.html.haml within layouts/application (6.3ms)
Completed 500 Internal Server Error in 13ms

ActionView::Template::Error (application.css isn't precompiled):
    7:     %title
    8:       =yield_or_default(:title)
    9:     =csrf_meta_tags
    10:     =stylesheet_link_tag 'application', :media => 'all'
    11: 
    12:   %body.modern-ui
    13:     .page
  app/views/layouts/application.html.haml:10:in `_app_views_layouts_application_html_haml__492400637_78388670'


Connecting to database specified by database.yml
Compiled jquery.js  (5ms)  (pid 7457)
Compiled jquery_ujs.js  (0ms)  (pid 7457)
Compiled daily_food_records.js  (310ms)  (pid 7457)
Compiled foods.js  (3ms)  (pid 7457)
Compiled home.js  (1ms)  (pid 7457)
Compiled ingredients.js  (1ms)  (pid 7457)
Compiled meals.js  (1ms)  (pid 7457)
Compiled notices.js  (16ms)  (pid 7457)
Compiled portions.js  (2ms)  (pid 7457)
Compiled products.js  (2ms)  (pid 7457)
Compiled recipes.js  (1ms)  (pid 7457)
Compiled metro-ui/accordion.js  (0ms)  (pid 7457)
Compiled metro-ui/buttonset.js  (0ms)  (pid 7457)
Compiled metro-ui/carousel.js  (1ms)  (pid 7457)
Compiled metro-ui/dialog.js  (1ms)  (pid 7457)
Compiled metro-ui/dropdown.js  (0ms)  (pid 7457)
Compiled metro-ui/input-control.js  (0ms)  (pid 7457)
Compiled metro-ui/pagecontrol.js  (0ms)  (pid 7457)
Compiled metro-ui/rating.js  (1ms)  (pid 7457)
Compiled metro-ui/slider.js  (1ms)  (pid 7457)
Compiled metro-ui/start-menu.js  (1ms)  (pid 7457)
Compiled metro-ui/tile-drag.js  (1ms)  (pid 7457)
Compiled metro-ui/tile-slider.js  (1ms)  (pid 7457)
Compiled metro-ui.js  (393ms)  (pid 7457)
Compiled application.js  (989ms)  (pid 7457)
Compiled daily_food_records.css  (87ms)  (pid 7457)
Compiled foods.css  (3ms)  (pid 7457)
Compiled home.css  (3ms)  (pid 7457)
Compiled ingredients.css  (3ms)  (pid 7457)
Compiled meals.css  (3ms)  (pid 7457)
Compiled metro_ui_and_overrides.css  (1905ms)  (pid 7457)
Compiled portions.css  (3ms)  (pid 7457)
Compiled products.css  (5ms)  (pid 7457)
Compiled recipes.css  (4ms)  (pid 7457)
Compiled scaffolds.css  (62ms)  (pid 7457)
Compiled application.css  (2394ms)  (pid 7457)
Connecting to database specified by database.yml
Compiled jquery.js  (4ms)  (pid 7457)
Compiled jquery_ujs.js  (0ms)  (pid 7457)
Compiled daily_food_records.js  (183ms)  (pid 7457)
Compiled foods.js  (3ms)  (pid 7457)
Compiled home.js  (1ms)  (pid 7457)
Compiled ingredients.js  (2ms)  (pid 7457)
Compiled meals.js  (1ms)  (pid 7457)
Compiled notices.js  (16ms)  (pid 7457)
Compiled portions.js  (3ms)  (pid 7457)
Compiled products.js  (2ms)  (pid 7457)
Compiled recipes.js  (1ms)  (pid 7457)
Compiled metro-ui/accordion.js  (0ms)  (pid 7457)
Compiled metro-ui/buttonset.js  (0ms)  (pid 7457)
Compiled metro-ui/carousel.js  (1ms)  (pid 7457)
Compiled metro-ui/dialog.js  (1ms)  (pid 7457)
Compiled metro-ui/dropdown.js  (0ms)  (pid 7457)
Compiled metro-ui/input-control.js  (0ms)  (pid 7457)
Compiled metro-ui/pagecontrol.js  (0ms)  (pid 7457)
Compiled metro-ui/rating.js  (1ms)  (pid 7457)
Compiled metro-ui/slider.js  (1ms)  (pid 7457)
Compiled metro-ui/start-menu.js  (1ms)  (pid 7457)
Compiled metro-ui/tile-drag.js  (1ms)  (pid 7457)
Compiled metro-ui/tile-slider.js  (1ms)  (pid 7457)
Compiled metro-ui.js  (280ms)  (pid 7457)
Compiled application.js  (700ms)  (pid 7457)
Compiled daily_food_records.css  (26ms)  (pid 7457)
Compiled foods.css  (3ms)  (pid 7457)
Compiled home.css  (3ms)  (pid 7457)
Compiled ingredients.css  (47ms)  (pid 7457)
Compiled meals.css  (3ms)  (pid 7457)
Compiled metro_ui_and_overrides.css  (1542ms)  (pid 7457)
Compiled portions.css  (4ms)  (pid 7457)
Compiled products.css  (3ms)  (pid 7457)
Compiled recipes.css  (3ms)  (pid 7457)
Compiled scaffolds.css  (33ms)  (pid 7457)
Compiled application.css  (1845ms)  (pid 7457)
Started GET "/" for 127.0.0.1 at 2013-04-08 19:53:26 +0300
Processing by HomeController#index as HTML
  Rendered home/index.html.haml within layouts/application (6.3ms)
Completed 500 Internal Server Error in 23ms

ActionView::Template::Error (application.css isn't precompiled):
    7:     %title
    8:       =yield_or_default(:title)
    9:     =csrf_meta_tags
    10:     =stylesheet_link_tag 'application', :media => 'all'
    11: 
    12:   %body.modern-ui
    13:     .page
  app/views/layouts/application.html.haml:10:in `_app_views_layouts_application_html_haml__492400637_78388670'


Connecting to database specified by database.yml
Started GET "/" for 127.0.0.1 at 2013-04-08 19:54:34 +0300
Processing by HomeController#index as HTML
  Rendered home/index.html.haml within layouts/application (361.9ms)
  Rendered layouts/_notices.html.haml (11.7ms)
Completed 200 OK in 646ms (Views: 609.7ms | ActiveRecord: 34.3ms)
Started GET "/assets/application-82f5cdf24a2281a1b918c2cb8ea51498.css" for 127.0.0.1 at 2013-04-08 19:54:35 +0300

ActionController::RoutingError (No route matches [GET] "/assets/application-82f5cdf24a2281a1b918c2cb8ea51498.css"):
  actionpack (3.2.13) lib/action_dispatch/middleware/debug_exceptions.rb:21:in `call'
  actionpack (3.2.13) lib/action_dispatch/middleware/show_exceptions.rb:56:in `call'
  railties (3.2.13) lib/rails/rack/logger.rb:32:in `call_app'
  railties (3.2.13) lib/rails/rack/logger.rb:16:in `block in call'
  activesupport (3.2.13) lib/active_support/tagged_logging.rb:22:in `tagged'
  railties (3.2.13) lib/rails/rack/logger.rb:16:in `call'
  actionpack (3.2.13) lib/action_dispatch/middleware/request_id.rb:22:in `call'
  rack (1.4.5) lib/rack/methodoverride.rb:21:in `call'
  rack (1.4.5) lib/rack/runtime.rb:17:in `call'
  activesupport (3.2.13) lib/active_support/cache/strategy/local_cache.rb:72:in `call'
  rack (1.4.5) lib/rack/lock.rb:15:in `call'
  rack-cache (1.2) lib/rack/cache/context.rb:136:in `forward'
  rack-cache (1.2) lib/rack/cache/context.rb:245:in `fetch'
  rack-cache (1.2) lib/rack/cache/context.rb:185:in `lookup'
  rack-cache (1.2) lib/rack/cache/context.rb:66:in `call!'
  rack-cache (1.2) lib/rack/cache/context.rb:51:in `call'
  railties (3.2.13) lib/rails/engine.rb:479:in `call'
  railties (3.2.13) lib/rails/application.rb:223:in `call'
  rack (1.4.5) lib/rack/content_length.rb:14:in `call'
  railties (3.2.13) lib/rails/rack/log_tailer.rb:17:in `call'
  rack (1.4.5) lib/rack/handler/webrick.rb:59:in `service'
  /home/hell/.rvm/rubies/ruby-1.9.3-p374/lib/ruby/1.9.1/webrick/httpserver.rb:138:in `service'
  /home/hell/.rvm/rubies/ruby-1.9.3-p374/lib/ruby/1.9.1/webrick/httpserver.rb:94:in `run'
  /home/hell/.rvm/rubies/ruby-1.9.3-p374/lib/ruby/1.9.1/webrick/server.rb:191:in `block in start_thread'


Started GET "/assets/application-61f5078d433430140aef57555d1677ed.js" for 127.0.0.1 at 2013-04-08 19:54:35 +0300

ActionController::RoutingError (No route matches [GET] "/assets/application-61f5078d433430140aef57555d1677ed.js"):
  actionpack (3.2.13) lib/action_dispatch/middleware/debug_exceptions.rb:21:in `call'
  actionpack (3.2.13) lib/action_dispatch/middleware/show_exceptions.rb:56:in `call'
  railties (3.2.13) lib/rails/rack/logger.rb:32:in `call_app'
  railties (3.2.13) lib/rails/rack/logger.rb:16:in `block in call'
  activesupport (3.2.13) lib/active_support/tagged_logging.rb:22:in `tagged'
  railties (3.2.13) lib/rails/rack/logger.rb:16:in `call'
  actionpack (3.2.13) lib/action_dispatch/middleware/request_id.rb:22:in `call'
  rack (1.4.5) lib/rack/methodoverride.rb:21:in `call'
  rack (1.4.5) lib/rack/runtime.rb:17:in `call'
  activesupport (3.2.13) lib/active_support/cache/strategy/local_cache.rb:72:in `call'
  rack (1.4.5) lib/rack/lock.rb:15:in `call'
  rack-cache (1.2) lib/rack/cache/context.rb:136:in `forward'
  rack-cache (1.2) lib/rack/cache/context.rb:245:in `fetch'
  rack-cache (1.2) lib/rack/cache/context.rb:185:in `lookup'
  rack-cache (1.2) lib/rack/cache/context.rb:66:in `call!'
  rack-cache (1.2) lib/rack/cache/context.rb:51:in `call'
  railties (3.2.13) lib/rails/engine.rb:479:in `call'
  railties (3.2.13) lib/rails/application.rb:223:in `call'
  rack (1.4.5) lib/rack/content_length.rb:14:in `call'
  railties (3.2.13) lib/rails/rack/log_tailer.rb:17:in `call'
  rack (1.4.5) lib/rack/handler/webrick.rb:59:in `service'
  /home/hell/.rvm/rubies/ruby-1.9.3-p374/lib/ruby/1.9.1/webrick/httpserver.rb:138:in `service'
  /home/hell/.rvm/rubies/ruby-1.9.3-p374/lib/ruby/1.9.1/webrick/httpserver.rb:94:in `run'
  /home/hell/.rvm/rubies/ruby-1.9.3-p374/lib/ruby/1.9.1/webrick/server.rb:191:in `block in start_thread'


Started GET "/" for 127.0.0.1 at 2013-04-08 19:54:44 +0300
Processing by HomeController#index as HTML
  Rendered home/index.html.haml within layouts/application (2.2ms)
  Rendered layouts/_notices.html.haml (0.5ms)
Completed 200 OK in 14ms (Views: 13.3ms | ActiveRecord: 0.0ms)
Started GET "/assets/application-82f5cdf24a2281a1b918c2cb8ea51498.css" for 127.0.0.1 at 2013-04-08 19:54:45 +0300

ActionController::RoutingError (No route matches [GET] "/assets/application-82f5cdf24a2281a1b918c2cb8ea51498.css"):
  actionpack (3.2.13) lib/action_dispatch/middleware/debug_exceptions.rb:21:in `call'
  actionpack (3.2.13) lib/action_dispatch/middleware/show_exceptions.rb:56:in `call'
  railties (3.2.13) lib/rails/rack/logger.rb:32:in `call_app'
  railties (3.2.13) lib/rails/rack/logger.rb:16:in `block in call'
  activesupport (3.2.13) lib/active_support/tagged_logging.rb:22:in `tagged'
  railties (3.2.13) lib/rails/rack/logger.rb:16:in `call'
  actionpack (3.2.13) lib/action_dispatch/middleware/request_id.rb:22:in `call'
  rack (1.4.5) lib/rack/methodoverride.rb:21:in `call'
  rack (1.4.5) lib/rack/runtime.rb:17:in `call'
  activesupport (3.2.13) lib/active_support/cache/strategy/local_cache.rb:72:in `call'
  rack (1.4.5) lib/rack/lock.rb:15:in `call'
  rack-cache (1.2) lib/rack/cache/context.rb:136:in `forward'
  rack-cache (1.2) lib/rack/cache/context.rb:245:in `fetch'
  rack-cache (1.2) lib/rack/cache/context.rb:185:in `lookup'
  rack-cache (1.2) lib/rack/cache/context.rb:66:in `call!'
  rack-cache (1.2) lib/rack/cache/context.rb:51:in `call'
  railties (3.2.13) lib/rails/engine.rb:479:in `call'
  railties (3.2.13) lib/rails/application.rb:223:in `call'
  rack (1.4.5) lib/rack/content_length.rb:14:in `call'
  railties (3.2.13) lib/rails/rack/log_tailer.rb:17:in `call'
  rack (1.4.5) lib/rack/handler/webrick.rb:59:in `service'
  /home/hell/.rvm/rubies/ruby-1.9.3-p374/lib/ruby/1.9.1/webrick/httpserver.rb:138:in `service'
  /home/hell/.rvm/rubies/ruby-1.9.3-p374/lib/ruby/1.9.1/webrick/httpserver.rb:94:in `run'
  /home/hell/.rvm/rubies/ruby-1.9.3-p374/lib/ruby/1.9.1/webrick/server.rb:191:in `block in start_thread'


Started GET "/assets/application-61f5078d433430140aef57555d1677ed.js" for 127.0.0.1 at 2013-04-08 19:54:45 +0300

ActionController::RoutingError (No route matches [GET] "/assets/application-61f5078d433430140aef57555d1677ed.js"):
  actionpack (3.2.13) lib/action_dispatch/middleware/debug_exceptions.rb:21:in `call'
  actionpack (3.2.13) lib/action_dispatch/middleware/show_exceptions.rb:56:in `call'
  railties (3.2.13) lib/rails/rack/logger.rb:32:in `call_app'
  railties (3.2.13) lib/rails/rack/logger.rb:16:in `block in call'
  activesupport (3.2.13) lib/active_support/tagged_logging.rb:22:in `tagged'
  railties (3.2.13) lib/rails/rack/logger.rb:16:in `call'
  actionpack (3.2.13) lib/action_dispatch/middleware/request_id.rb:22:in `call'
  rack (1.4.5) lib/rack/methodoverride.rb:21:in `call'
  rack (1.4.5) lib/rack/runtime.rb:17:in `call'
  activesupport (3.2.13) lib/active_support/cache/strategy/local_cache.rb:72:in `call'
  rack (1.4.5) lib/rack/lock.rb:15:in `call'
  rack-cache (1.2) lib/rack/cache/context.rb:136:in `forward'
  rack-cache (1.2) lib/rack/cache/context.rb:245:in `fetch'
  rack-cache (1.2) lib/rack/cache/context.rb:185:in `lookup'
  rack-cache (1.2) lib/rack/cache/context.rb:66:in `call!'
  rack-cache (1.2) lib/rack/cache/context.rb:51:in `call'
  railties (3.2.13) lib/rails/engine.rb:479:in `call'
  railties (3.2.13) lib/rails/application.rb:223:in `call'
  rack (1.4.5) lib/rack/content_length.rb:14:in `call'
  railties (3.2.13) lib/rails/rack/log_tailer.rb:17:in `call'
  rack (1.4.5) lib/rack/handler/webrick.rb:59:in `service'
  /home/hell/.rvm/rubies/ruby-1.9.3-p374/lib/ruby/1.9.1/webrick/httpserver.rb:138:in `service'
  /home/hell/.rvm/rubies/ruby-1.9.3-p374/lib/ruby/1.9.1/webrick/httpserver.rb:94:in `run'
  /home/hell/.rvm/rubies/ruby-1.9.3-p374/lib/ruby/1.9.1/webrick/server.rb:191:in `block in start_thread'


Started GET "/" for 127.0.0.1 at 2013-04-08 19:54:57 +0300
Processing by HomeController#index as HTML
  Rendered home/index.html.haml within layouts/application (2.2ms)
  Rendered layouts/_notices.html.haml (0.3ms)
Completed 200 OK in 12ms (Views: 11.6ms | ActiveRecord: 0.0ms)
Started GET "/assets/application-82f5cdf24a2281a1b918c2cb8ea51498.css" for 127.0.0.1 at 2013-04-08 19:54:57 +0300

ActionController::RoutingError (No route matches [GET] "/assets/application-82f5cdf24a2281a1b918c2cb8ea51498.css"):
  actionpack (3.2.13) lib/action_dispatch/middleware/debug_exceptions.rb:21:in `call'
  actionpack (3.2.13) lib/action_dispatch/middleware/show_exceptions.rb:56:in `call'
  railties (3.2.13) lib/rails/rack/logger.rb:32:in `call_app'
  railties (3.2.13) lib/rails/rack/logger.rb:16:in `block in call'
  activesupport (3.2.13) lib/active_support/tagged_logging.rb:22:in `tagged'
  railties (3.2.13) lib/rails/rack/logger.rb:16:in `call'
  actionpack (3.2.13) lib/action_dispatch/middleware/request_id.rb:22:in `call'
  rack (1.4.5) lib/rack/methodoverride.rb:21:in `call'
  rack (1.4.5) lib/rack/runtime.rb:17:in `call'
  activesupport (3.2.13) lib/active_support/cache/strategy/local_cache.rb:72:in `call'
  rack (1.4.5) lib/rack/lock.rb:15:in `call'
  rack-cache (1.2) lib/rack/cache/context.rb:136:in `forward'
  rack-cache (1.2) lib/rack/cache/context.rb:245:in `fetch'
  rack-cache (1.2) lib/rack/cache/context.rb:185:in `lookup'
  rack-cache (1.2) lib/rack/cache/context.rb:66:in `call!'
  rack-cache (1.2) lib/rack/cache/context.rb:51:in `call'
  railties (3.2.13) lib/rails/engine.rb:479:in `call'
  railties (3.2.13) lib/rails/application.rb:223:in `call'
  rack (1.4.5) lib/rack/content_length.rb:14:in `call'
  railties (3.2.13) lib/rails/rack/log_tailer.rb:17:in `call'
  rack (1.4.5) lib/rack/handler/webrick.rb:59:in `service'
  /home/hell/.rvm/rubies/ruby-1.9.3-p374/lib/ruby/1.9.1/webrick/httpserver.rb:138:in `service'
  /home/hell/.rvm/rubies/ruby-1.9.3-p374/lib/ruby/1.9.1/webrick/httpserver.rb:94:in `run'
  /home/hell/.rvm/rubies/ruby-1.9.3-p374/lib/ruby/1.9.1/webrick/server.rb:191:in `block in start_thread'


Started GET "/assets/application-61f5078d433430140aef57555d1677ed.js" for 127.0.0.1 at 2013-04-08 19:54:57 +0300

ActionController::RoutingError (No route matches [GET] "/assets/application-61f5078d433430140aef57555d1677ed.js"):
  actionpack (3.2.13) lib/action_dispatch/middleware/debug_exceptions.rb:21:in `call'
  actionpack (3.2.13) lib/action_dispatch/middleware/show_exceptions.rb:56:in `call'
  railties (3.2.13) lib/rails/rack/logger.rb:32:in `call_app'
  railties (3.2.13) lib/rails/rack/logger.rb:16:in `block in call'
  activesupport (3.2.13) lib/active_support/tagged_logging.rb:22:in `tagged'
  railties (3.2.13) lib/rails/rack/logger.rb:16:in `call'
  actionpack (3.2.13) lib/action_dispatch/middleware/request_id.rb:22:in `call'
  rack (1.4.5) lib/rack/methodoverride.rb:21:in `call'
  rack (1.4.5) lib/rack/runtime.rb:17:in `call'
  activesupport (3.2.13) lib/active_support/cache/strategy/local_cache.rb:72:in `call'
  rack (1.4.5) lib/rack/lock.rb:15:in `call'
  rack-cache (1.2) lib/rack/cache/context.rb:136:in `forward'
  rack-cache (1.2) lib/rack/cache/context.rb:245:in `fetch'
  rack-cache (1.2) lib/rack/cache/context.rb:185:in `lookup'
  rack-cache (1.2) lib/rack/cache/context.rb:66:in `call!'
  rack-cache (1.2) lib/rack/cache/context.rb:51:in `call'
  railties (3.2.13) lib/rails/engine.rb:479:in `call'
  railties (3.2.13) lib/rails/application.rb:223:in `call'
  rack (1.4.5) lib/rack/content_length.rb:14:in `call'
  railties (3.2.13) lib/rails/rack/log_tailer.rb:17:in `call'
  rack (1.4.5) lib/rack/handler/webrick.rb:59:in `service'
  /home/hell/.rvm/rubies/ruby-1.9.3-p374/lib/ruby/1.9.1/webrick/httpserver.rb:138:in `service'
  /home/hell/.rvm/rubies/ruby-1.9.3-p374/lib/ruby/1.9.1/webrick/httpserver.rb:94:in `run'
  /home/hell/.rvm/rubies/ruby-1.9.3-p374/lib/ruby/1.9.1/webrick/server.rb:191:in `block in start_thread'


Started GET "/" for 127.0.0.1 at 2013-04-08 19:54:58 +0300
Processing by HomeController#index as HTML
  Rendered home/index.html.haml within layouts/application (2.3ms)
  Rendered layouts/_notices.html.haml (0.4ms)
Completed 200 OK in 12ms (Views: 11.5ms | ActiveRecord: 0.0ms)
Started GET "/assets/application-82f5cdf24a2281a1b918c2cb8ea51498.css" for 127.0.0.1 at 2013-04-08 19:54:59 +0300

ActionController::RoutingError (No route matches [GET] "/assets/application-82f5cdf24a2281a1b918c2cb8ea51498.css"):
  actionpack (3.2.13) lib/action_dispatch/middleware/debug_exceptions.rb:21:in `call'
  actionpack (3.2.13) lib/action_dispatch/middleware/show_exceptions.rb:56:in `call'
  railties (3.2.13) lib/rails/rack/logger.rb:32:in `call_app'
  railties (3.2.13) lib/rails/rack/logger.rb:16:in `block in call'
  activesupport (3.2.13) lib/active_support/tagged_logging.rb:22:in `tagged'
  railties (3.2.13) lib/rails/rack/logger.rb:16:in `call'
  actionpack (3.2.13) lib/action_dispatch/middleware/request_id.rb:22:in `call'
  rack (1.4.5) lib/rack/methodoverride.rb:21:in `call'
  rack (1.4.5) lib/rack/runtime.rb:17:in `call'
  activesupport (3.2.13) lib/active_support/cache/strategy/local_cache.rb:72:in `call'
  rack (1.4.5) lib/rack/lock.rb:15:in `call'
  rack-cache (1.2) lib/rack/cache/context.rb:136:in `forward'
  rack-cache (1.2) lib/rack/cache/context.rb:245:in `fetch'
  rack-cache (1.2) lib/rack/cache/context.rb:185:in `lookup'
  rack-cache (1.2) lib/rack/cache/context.rb:66:in `call!'
  rack-cache (1.2) lib/rack/cache/context.rb:51:in `call'
  railties (3.2.13) lib/rails/engine.rb:479:in `call'
  railties (3.2.13) lib/rails/application.rb:223:in `call'
  rack (1.4.5) lib/rack/content_length.rb:14:in `call'
  railties (3.2.13) lib/rails/rack/log_tailer.rb:17:in `call'
  rack (1.4.5) lib/rack/handler/webrick.rb:59:in `service'
  /home/hell/.rvm/rubies/ruby-1.9.3-p374/lib/ruby/1.9.1/webrick/httpserver.rb:138:in `service'
  /home/hell/.rvm/rubies/ruby-1.9.3-p374/lib/ruby/1.9.1/webrick/httpserver.rb:94:in `run'
  /home/hell/.rvm/rubies/ruby-1.9.3-p374/lib/ruby/1.9.1/webrick/server.rb:191:in `block in start_thread'


Started GET "/assets/application-61f5078d433430140aef57555d1677ed.js" for 127.0.0.1 at 2013-04-08 19:54:59 +0300

ActionController::RoutingError (No route matches [GET] "/assets/application-61f5078d433430140aef57555d1677ed.js"):
  actionpack (3.2.13) lib/action_dispatch/middleware/debug_exceptions.rb:21:in `call'
  actionpack (3.2.13) lib/action_dispatch/middleware/show_exceptions.rb:56:in `call'
  railties (3.2.13) lib/rails/rack/logger.rb:32:in `call_app'
  railties (3.2.13) lib/rails/rack/logger.rb:16:in `block in call'
  activesupport (3.2.13) lib/active_support/tagged_logging.rb:22:in `tagged'
  railties (3.2.13) lib/rails/rack/logger.rb:16:in `call'
  actionpack (3.2.13) lib/action_dispatch/middleware/request_id.rb:22:in `call'
  rack (1.4.5) lib/rack/methodoverride.rb:21:in `call'
  rack (1.4.5) lib/rack/runtime.rb:17:in `call'
  activesupport (3.2.13) lib/active_support/cache/strategy/local_cache.rb:72:in `call'
  rack (1.4.5) lib/rack/lock.rb:15:in `call'
  rack-cache (1.2) lib/rack/cache/context.rb:136:in `forward'
  rack-cache (1.2) lib/rack/cache/context.rb:245:in `fetch'
  rack-cache (1.2) lib/rack/cache/context.rb:185:in `lookup'
  rack-cache (1.2) lib/rack/cache/context.rb:66:in `call!'
  rack-cache (1.2) lib/rack/cache/context.rb:51:in `call'
  railties (3.2.13) lib/rails/engine.rb:479:in `call'
  railties (3.2.13) lib/rails/application.rb:223:in `call'
  rack (1.4.5) lib/rack/content_length.rb:14:in `call'
  railties (3.2.13) lib/rails/rack/log_tailer.rb:17:in `call'
  rack (1.4.5) lib/rack/handler/webrick.rb:59:in `service'
  /home/hell/.rvm/rubies/ruby-1.9.3-p374/lib/ruby/1.9.1/webrick/httpserver.rb:138:in `service'
  /home/hell/.rvm/rubies/ruby-1.9.3-p374/lib/ruby/1.9.1/webrick/httpserver.rb:94:in `run'
  /home/hell/.rvm/rubies/ruby-1.9.3-p374/lib/ruby/1.9.1/webrick/server.rb:191:in `block in start_thread'


Started GET "/" for 127.0.0.1 at 2013-04-08 19:55:00 +0300
Processing by HomeController#index as HTML
  Rendered home/index.html.haml within layouts/application (2.6ms)
  Rendered layouts/_notices.html.haml (0.4ms)
Completed 200 OK in 15ms (Views: 14.1ms | ActiveRecord: 0.0ms)
Started GET "/assets/application-82f5cdf24a2281a1b918c2cb8ea51498.css" for 127.0.0.1 at 2013-04-08 19:55:00 +0300

ActionController::RoutingError (No route matches [GET] "/assets/application-82f5cdf24a2281a1b918c2cb8ea51498.css"):
  actionpack (3.2.13) lib/action_dispatch/middleware/debug_exceptions.rb:21:in `call'
  actionpack (3.2.13) lib/action_dispatch/middleware/show_exceptions.rb:56:in `call'
  railties (3.2.13) lib/rails/rack/logger.rb:32:in `call_app'
  railties (3.2.13) lib/rails/rack/logger.rb:16:in `block in call'
  activesupport (3.2.13) lib/active_support/tagged_logging.rb:22:in `tagged'
  railties (3.2.13) lib/rails/rack/logger.rb:16:in `call'
  actionpack (3.2.13) lib/action_dispatch/middleware/request_id.rb:22:in `call'
  rack (1.4.5) lib/rack/methodoverride.rb:21:in `call'
  rack (1.4.5) lib/rack/runtime.rb:17:in `call'
  activesupport (3.2.13) lib/active_support/cache/strategy/local_cache.rb:72:in `call'
  rack (1.4.5) lib/rack/lock.rb:15:in `call'
  rack-cache (1.2) lib/rack/cache/context.rb:136:in `forward'
  rack-cache (1.2) lib/rack/cache/context.rb:245:in `fetch'
  rack-cache (1.2) lib/rack/cache/context.rb:185:in `lookup'
  rack-cache (1.2) lib/rack/cache/context.rb:66:in `call!'
  rack-cache (1.2) lib/rack/cache/context.rb:51:in `call'
  railties (3.2.13) lib/rails/engine.rb:479:in `call'
  railties (3.2.13) lib/rails/application.rb:223:in `call'
  rack (1.4.5) lib/rack/content_length.rb:14:in `call'
  railties (3.2.13) lib/rails/rack/log_tailer.rb:17:in `call'
  rack (1.4.5) lib/rack/handler/webrick.rb:59:in `service'
  /home/hell/.rvm/rubies/ruby-1.9.3-p374/lib/ruby/1.9.1/webrick/httpserver.rb:138:in `service'
  /home/hell/.rvm/rubies/ruby-1.9.3-p374/lib/ruby/1.9.1/webrick/httpserver.rb:94:in `run'
  /home/hell/.rvm/rubies/ruby-1.9.3-p374/lib/ruby/1.9.1/webrick/server.rb:191:in `block in start_thread'


Started GET "/assets/application-61f5078d433430140aef57555d1677ed.js" for 127.0.0.1 at 2013-04-08 19:55:00 +0300

ActionController::RoutingError (No route matches [GET] "/assets/application-61f5078d433430140aef57555d1677ed.js"):
  actionpack (3.2.13) lib/action_dispatch/middleware/debug_exceptions.rb:21:in `call'
  actionpack (3.2.13) lib/action_dispatch/middleware/show_exceptions.rb:56:in `call'
  railties (3.2.13) lib/rails/rack/logger.rb:32:in `call_app'
  railties (3.2.13) lib/rails/rack/logger.rb:16:in `block in call'
  activesupport (3.2.13) lib/active_support/tagged_logging.rb:22:in `tagged'
  railties (3.2.13) lib/rails/rack/logger.rb:16:in `call'
  actionpack (3.2.13) lib/action_dispatch/middleware/request_id.rb:22:in `call'
  rack (1.4.5) lib/rack/methodoverride.rb:21:in `call'
  rack (1.4.5) lib/rack/runtime.rb:17:in `call'
  activesupport (3.2.13) lib/active_support/cache/strategy/local_cache.rb:72:in `call'
  rack (1.4.5) lib/rack/lock.rb:15:in `call'
  rack-cache (1.2) lib/rack/cache/context.rb:136:in `forward'
  rack-cache (1.2) lib/rack/cache/context.rb:245:in `fetch'
  rack-cache (1.2) lib/rack/cache/context.rb:185:in `lookup'
  rack-cache (1.2) lib/rack/cache/context.rb:66:in `call!'
  rack-cache (1.2) lib/rack/cache/context.rb:51:in `call'
  railties (3.2.13) lib/rails/engine.rb:479:in `call'
  railties (3.2.13) lib/rails/application.rb:223:in `call'
  rack (1.4.5) lib/rack/content_length.rb:14:in `call'
  railties (3.2.13) lib/rails/rack/log_tailer.rb:17:in `call'
  rack (1.4.5) lib/rack/handler/webrick.rb:59:in `service'
  /home/hell/.rvm/rubies/ruby-1.9.3-p374/lib/ruby/1.9.1/webrick/httpserver.rb:138:in `service'
  /home/hell/.rvm/rubies/ruby-1.9.3-p374/lib/ruby/1.9.1/webrick/httpserver.rb:94:in `run'
  /home/hell/.rvm/rubies/ruby-1.9.3-p374/lib/ruby/1.9.1/webrick/server.rb:191:in `block in start_thread'


Started GET "/" for 127.0.0.1 at 2013-04-08 19:55:03 +0300
Processing by HomeController#index as HTML
  Rendered home/index.html.haml within layouts/application (2.2ms)
  Rendered layouts/_notices.html.haml (0.4ms)
Completed 200 OK in 12ms (Views: 11.7ms | ActiveRecord: 0.0ms)
Started GET "/assets/application-82f5cdf24a2281a1b918c2cb8ea51498.css" for 127.0.0.1 at 2013-04-08 19:55:03 +0300

ActionController::RoutingError (No route matches [GET] "/assets/application-82f5cdf24a2281a1b918c2cb8ea51498.css"):
  actionpack (3.2.13) lib/action_dispatch/middleware/debug_exceptions.rb:21:in `call'
  actionpack (3.2.13) lib/action_dispatch/middleware/show_exceptions.rb:56:in `call'
  railties (3.2.13) lib/rails/rack/logger.rb:32:in `call_app'
  railties (3.2.13) lib/rails/rack/logger.rb:16:in `block in call'
  activesupport (3.2.13) lib/active_support/tagged_logging.rb:22:in `tagged'
  railties (3.2.13) lib/rails/rack/logger.rb:16:in `call'
  actionpack (3.2.13) lib/action_dispatch/middleware/request_id.rb:22:in `call'
  rack (1.4.5) lib/rack/methodoverride.rb:21:in `call'
  rack (1.4.5) lib/rack/runtime.rb:17:in `call'
  activesupport (3.2.13) lib/active_support/cache/strategy/local_cache.rb:72:in `call'
  rack (1.4.5) lib/rack/lock.rb:15:in `call'
  rack-cache (1.2) lib/rack/cache/context.rb:136:in `forward'
  rack-cache (1.2) lib/rack/cache/context.rb:245:in `fetch'
  rack-cache (1.2) lib/rack/cache/context.rb:185:in `lookup'
  rack-cache (1.2) lib/rack/cache/context.rb:66:in `call!'
  rack-cache (1.2) lib/rack/cache/context.rb:51:in `call'
  railties (3.2.13) lib/rails/engine.rb:479:in `call'
  railties (3.2.13) lib/rails/application.rb:223:in `call'
  rack (1.4.5) lib/rack/content_length.rb:14:in `call'
  railties (3.2.13) lib/rails/rack/log_tailer.rb:17:in `call'
  rack (1.4.5) lib/rack/handler/webrick.rb:59:in `service'
  /home/hell/.rvm/rubies/ruby-1.9.3-p374/lib/ruby/1.9.1/webrick/httpserver.rb:138:in `service'
  /home/hell/.rvm/rubies/ruby-1.9.3-p374/lib/ruby/1.9.1/webrick/httpserver.rb:94:in `run'
  /home/hell/.rvm/rubies/ruby-1.9.3-p374/lib/ruby/1.9.1/webrick/server.rb:191:in `block in start_thread'


Started GET "/assets/application-61f5078d433430140aef57555d1677ed.js" for 127.0.0.1 at 2013-04-08 19:55:03 +0300

ActionController::RoutingError (No route matches [GET] "/assets/application-61f5078d433430140aef57555d1677ed.js"):
  actionpack (3.2.13) lib/action_dispatch/middleware/debug_exceptions.rb:21:in `call'
  actionpack (3.2.13) lib/action_dispatch/middleware/show_exceptions.rb:56:in `call'
  railties (3.2.13) lib/rails/rack/logger.rb:32:in `call_app'
  railties (3.2.13) lib/rails/rack/logger.rb:16:in `block in call'
  activesupport (3.2.13) lib/active_support/tagged_logging.rb:22:in `tagged'
  railties (3.2.13) lib/rails/rack/logger.rb:16:in `call'
  actionpack (3.2.13) lib/action_dispatch/middleware/request_id.rb:22:in `call'
  rack (1.4.5) lib/rack/methodoverride.rb:21:in `call'
  rack (1.4.5) lib/rack/runtime.rb:17:in `call'
  activesupport (3.2.13) lib/active_support/cache/strategy/local_cache.rb:72:in `call'
  rack (1.4.5) lib/rack/lock.rb:15:in `call'
  rack-cache (1.2) lib/rack/cache/context.rb:136:in `forward'
  rack-cache (1.2) lib/rack/cache/context.rb:245:in `fetch'
  rack-cache (1.2) lib/rack/cache/context.rb:185:in `lookup'
  rack-cache (1.2) lib/rack/cache/context.rb:66:in `call!'
  rack-cache (1.2) lib/rack/cache/context.rb:51:in `call'
  railties (3.2.13) lib/rails/engine.rb:479:in `call'
  railties (3.2.13) lib/rails/application.rb:223:in `call'
  rack (1.4.5) lib/rack/content_length.rb:14:in `call'
  railties (3.2.13) lib/rails/rack/log_tailer.rb:17:in `call'
  rack (1.4.5) lib/rack/handler/webrick.rb:59:in `service'
  /home/hell/.rvm/rubies/ruby-1.9.3-p374/lib/ruby/1.9.1/webrick/httpserver.rb:138:in `service'
  /home/hell/.rvm/rubies/ruby-1.9.3-p374/lib/ruby/1.9.1/webrick/httpserver.rb:94:in `run'
  /home/hell/.rvm/rubies/ruby-1.9.3-p374/lib/ruby/1.9.1/webrick/server.rb:191:in `block in start_thread'


Started GET "/" for 127.0.0.1 at 2013-04-08 19:55:04 +0300
Processing by HomeController#index as HTML
  Rendered home/index.html.haml within layouts/application (2.3ms)
  Rendered layouts/_notices.html.haml (0.4ms)
Completed 200 OK in 12ms (Views: 11.6ms | ActiveRecord: 0.0ms)
Started GET "/assets/application-82f5cdf24a2281a1b918c2cb8ea51498.css" for 127.0.0.1 at 2013-04-08 19:55:04 +0300

ActionController::RoutingError (No route matches [GET] "/assets/application-82f5cdf24a2281a1b918c2cb8ea51498.css"):
  actionpack (3.2.13) lib/action_dispatch/middleware/debug_exceptions.rb:21:in `call'
  actionpack (3.2.13) lib/action_dispatch/middleware/show_exceptions.rb:56:in `call'
  railties (3.2.13) lib/rails/rack/logger.rb:32:in `call_app'
  railties (3.2.13) lib/rails/rack/logger.rb:16:in `block in call'
  activesupport (3.2.13) lib/active_support/tagged_logging.rb:22:in `tagged'
  railties (3.2.13) lib/rails/rack/logger.rb:16:in `call'
  actionpack (3.2.13) lib/action_dispatch/middleware/request_id.rb:22:in `call'
  rack (1.4.5) lib/rack/methodoverride.rb:21:in `call'
  rack (1.4.5) lib/rack/runtime.rb:17:in `call'
  activesupport (3.2.13) lib/active_support/cache/strategy/local_cache.rb:72:in `call'
  rack (1.4.5) lib/rack/lock.rb:15:in `call'
  rack-cache (1.2) lib/rack/cache/context.rb:136:in `forward'
  rack-cache (1.2) lib/rack/cache/context.rb:245:in `fetch'
  rack-cache (1.2) lib/rack/cache/context.rb:185:in `lookup'
  rack-cache (1.2) lib/rack/cache/context.rb:66:in `call!'
  rack-cache (1.2) lib/rack/cache/context.rb:51:in `call'
  railties (3.2.13) lib/rails/engine.rb:479:in `call'
  railties (3.2.13) lib/rails/application.rb:223:in `call'
  rack (1.4.5) lib/rack/content_length.rb:14:in `call'
  railties (3.2.13) lib/rails/rack/log_tailer.rb:17:in `call'
  rack (1.4.5) lib/rack/handler/webrick.rb:59:in `service'
  /home/hell/.rvm/rubies/ruby-1.9.3-p374/lib/ruby/1.9.1/webrick/httpserver.rb:138:in `service'
  /home/hell/.rvm/rubies/ruby-1.9.3-p374/lib/ruby/1.9.1/webrick/httpserver.rb:94:in `run'
  /home/hell/.rvm/rubies/ruby-1.9.3-p374/lib/ruby/1.9.1/webrick/server.rb:191:in `block in start_thread'


Started GET "/assets/application-61f5078d433430140aef57555d1677ed.js" for 127.0.0.1 at 2013-04-08 19:55:04 +0300

ActionController::RoutingError (No route matches [GET] "/assets/application-61f5078d433430140aef57555d1677ed.js"):
  actionpack (3.2.13) lib/action_dispatch/middleware/debug_exceptions.rb:21:in `call'
  actionpack (3.2.13) lib/action_dispatch/middleware/show_exceptions.rb:56:in `call'
  railties (3.2.13) lib/rails/rack/logger.rb:32:in `call_app'
  railties (3.2.13) lib/rails/rack/logger.rb:16:in `block in call'
  activesupport (3.2.13) lib/active_support/tagged_logging.rb:22:in `tagged'
  railties (3.2.13) lib/rails/rack/logger.rb:16:in `call'
  actionpack (3.2.13) lib/action_dispatch/middleware/request_id.rb:22:in `call'
  rack (1.4.5) lib/rack/methodoverride.rb:21:in `call'
  rack (1.4.5) lib/rack/runtime.rb:17:in `call'
  activesupport (3.2.13) lib/active_support/cache/strategy/local_cache.rb:72:in `call'
  rack (1.4.5) lib/rack/lock.rb:15:in `call'
  rack-cache (1.2) lib/rack/cache/context.rb:136:in `forward'
  rack-cache (1.2) lib/rack/cache/context.rb:245:in `fetch'
  rack-cache (1.2) lib/rack/cache/context.rb:185:in `lookup'
  rack-cache (1.2) lib/rack/cache/context.rb:66:in `call!'
  rack-cache (1.2) lib/rack/cache/context.rb:51:in `call'
  railties (3.2.13) lib/rails/engine.rb:479:in `call'
  railties (3.2.13) lib/rails/application.rb:223:in `call'
  rack (1.4.5) lib/rack/content_length.rb:14:in `call'
  railties (3.2.13) lib/rails/rack/log_tailer.rb:17:in `call'
  rack (1.4.5) lib/rack/handler/webrick.rb:59:in `service'
  /home/hell/.rvm/rubies/ruby-1.9.3-p374/lib/ruby/1.9.1/webrick/httpserver.rb:138:in `service'
  /home/hell/.rvm/rubies/ruby-1.9.3-p374/lib/ruby/1.9.1/webrick/httpserver.rb:94:in `run'
  /home/hell/.rvm/rubies/ruby-1.9.3-p374/lib/ruby/1.9.1/webrick/server.rb:191:in `block in start_thread'


Started GET "/" for 127.0.0.1 at 2013-04-08 19:55:05 +0300
Processing by HomeController#index as HTML
  Rendered home/index.html.haml within layouts/application (3.1ms)
  Rendered layouts/_notices.html.haml (0.3ms)
Completed 200 OK in 16ms (Views: 14.9ms | ActiveRecord: 0.0ms)
Started GET "/assets/application-82f5cdf24a2281a1b918c2cb8ea51498.css" for 127.0.0.1 at 2013-04-08 19:55:05 +0300

ActionController::RoutingError (No route matches [GET] "/assets/application-82f5cdf24a2281a1b918c2cb8ea51498.css"):
  actionpack (3.2.13) lib/action_dispatch/middleware/debug_exceptions.rb:21:in `call'
  actionpack (3.2.13) lib/action_dispatch/middleware/show_exceptions.rb:56:in `call'
  railties (3.2.13) lib/rails/rack/logger.rb:32:in `call_app'
  railties (3.2.13) lib/rails/rack/logger.rb:16:in `block in call'
  activesupport (3.2.13) lib/active_support/tagged_logging.rb:22:in `tagged'
  railties (3.2.13) lib/rails/rack/logger.rb:16:in `call'
  actionpack (3.2.13) lib/action_dispatch/middleware/request_id.rb:22:in `call'
  rack (1.4.5) lib/rack/methodoverride.rb:21:in `call'
  rack (1.4.5) lib/rack/runtime.rb:17:in `call'
  activesupport (3.2.13) lib/active_support/cache/strategy/local_cache.rb:72:in `call'
  rack (1.4.5) lib/rack/lock.rb:15:in `call'
  rack-cache (1.2) lib/rack/cache/context.rb:136:in `forward'
  rack-cache (1.2) lib/rack/cache/context.rb:245:in `fetch'
  rack-cache (1.2) lib/rack/cache/context.rb:185:in `lookup'
  rack-cache (1.2) lib/rack/cache/context.rb:66:in `call!'
  rack-cache (1.2) lib/rack/cache/context.rb:51:in `call'
  railties (3.2.13) lib/rails/engine.rb:479:in `call'
  railties (3.2.13) lib/rails/application.rb:223:in `call'
  rack (1.4.5) lib/rack/content_length.rb:14:in `call'
  railties (3.2.13) lib/rails/rack/log_tailer.rb:17:in `call'
  rack (1.4.5) lib/rack/handler/webrick.rb:59:in `service'
  /home/hell/.rvm/rubies/ruby-1.9.3-p374/lib/ruby/1.9.1/webrick/httpserver.rb:138:in `service'
  /home/hell/.rvm/rubies/ruby-1.9.3-p374/lib/ruby/1.9.1/webrick/httpserver.rb:94:in `run'
  /home/hell/.rvm/rubies/ruby-1.9.3-p374/lib/ruby/1.9.1/webrick/server.rb:191:in `block in start_thread'


Started GET "/assets/application-61f5078d433430140aef57555d1677ed.js" for 127.0.0.1 at 2013-04-08 19:55:05 +0300

ActionController::RoutingError (No route matches [GET] "/assets/application-61f5078d433430140aef57555d1677ed.js"):
  actionpack (3.2.13) lib/action_dispatch/middleware/debug_exceptions.rb:21:in `call'
  actionpack (3.2.13) lib/action_dispatch/middleware/show_exceptions.rb:56:in `call'
  railties (3.2.13) lib/rails/rack/logger.rb:32:in `call_app'
  railties (3.2.13) lib/rails/rack/logger.rb:16:in `block in call'
  activesupport (3.2.13) lib/active_support/tagged_logging.rb:22:in `tagged'
  railties (3.2.13) lib/rails/rack/logger.rb:16:in `call'
  actionpack (3.2.13) lib/action_dispatch/middleware/request_id.rb:22:in `call'
  rack (1.4.5) lib/rack/methodoverride.rb:21:in `call'
  rack (1.4.5) lib/rack/runtime.rb:17:in `call'
  activesupport (3.2.13) lib/active_support/cache/strategy/local_cache.rb:72:in `call'
  rack (1.4.5) lib/rack/lock.rb:15:in `call'
  rack-cache (1.2) lib/rack/cache/context.rb:136:in `forward'
  rack-cache (1.2) lib/rack/cache/context.rb:245:in `fetch'
  rack-cache (1.2) lib/rack/cache/context.rb:185:in `lookup'
  rack-cache (1.2) lib/rack/cache/context.rb:66:in `call!'
  rack-cache (1.2) lib/rack/cache/context.rb:51:in `call'
  railties (3.2.13) lib/rails/engine.rb:479:in `call'
  railties (3.2.13) lib/rails/application.rb:223:in `call'
  rack (1.4.5) lib/rack/content_length.rb:14:in `call'
  railties (3.2.13) lib/rails/rack/log_tailer.rb:17:in `call'
  rack (1.4.5) lib/rack/handler/webrick.rb:59:in `service'
  /home/hell/.rvm/rubies/ruby-1.9.3-p374/lib/ruby/1.9.1/webrick/httpserver.rb:138:in `service'
  /home/hell/.rvm/rubies/ruby-1.9.3-p374/lib/ruby/1.9.1/webrick/httpserver.rb:94:in `run'
  /home/hell/.rvm/rubies/ruby-1.9.3-p374/lib/ruby/1.9.1/webrick/server.rb:191:in `block in start_thread'


Started GET "/" for 127.0.0.1 at 2013-04-08 19:55:06 +0300
Processing by HomeController#index as HTML
  Rendered home/index.html.haml within layouts/application (2.3ms)
  Rendered layouts/_notices.html.haml (0.4ms)
Completed 200 OK in 13ms (Views: 12.0ms | ActiveRecord: 0.0ms)
Started GET "/assets/application-82f5cdf24a2281a1b918c2cb8ea51498.css" for 127.0.0.1 at 2013-04-08 19:55:06 +0300

ActionController::RoutingError (No route matches [GET] "/assets/application-82f5cdf24a2281a1b918c2cb8ea51498.css"):
  actionpack (3.2.13) lib/action_dispatch/middleware/debug_exceptions.rb:21:in `call'
  actionpack (3.2.13) lib/action_dispatch/middleware/show_exceptions.rb:56:in `call'
  railties (3.2.13) lib/rails/rack/logger.rb:32:in `call_app'
  railties (3.2.13) lib/rails/rack/logger.rb:16:in `block in call'
  activesupport (3.2.13) lib/active_support/tagged_logging.rb:22:in `tagged'
  railties (3.2.13) lib/rails/rack/logger.rb:16:in `call'
  actionpack (3.2.13) lib/action_dispatch/middleware/request_id.rb:22:in `call'
  rack (1.4.5) lib/rack/methodoverride.rb:21:in `call'
  rack (1.4.5) lib/rack/runtime.rb:17:in `call'
  activesupport (3.2.13) lib/active_support/cache/strategy/local_cache.rb:72:in `call'
  rack (1.4.5) lib/rack/lock.rb:15:in `call'
  rack-cache (1.2) lib/rack/cache/context.rb:136:in `forward'
  rack-cache (1.2) lib/rack/cache/context.rb:245:in `fetch'
  rack-cache (1.2) lib/rack/cache/context.rb:185:in `lookup'
  rack-cache (1.2) lib/rack/cache/context.rb:66:in `call!'
  rack-cache (1.2) lib/rack/cache/context.rb:51:in `call'
  railties (3.2.13) lib/rails/engine.rb:479:in `call'
  railties (3.2.13) lib/rails/application.rb:223:in `call'
  rack (1.4.5) lib/rack/content_length.rb:14:in `call'
  railties (3.2.13) lib/rails/rack/log_tailer.rb:17:in `call'
  rack (1.4.5) lib/rack/handler/webrick.rb:59:in `service'
  /home/hell/.rvm/rubies/ruby-1.9.3-p374/lib/ruby/1.9.1/webrick/httpserver.rb:138:in `service'
  /home/hell/.rvm/rubies/ruby-1.9.3-p374/lib/ruby/1.9.1/webrick/httpserver.rb:94:in `run'
  /home/hell/.rvm/rubies/ruby-1.9.3-p374/lib/ruby/1.9.1/webrick/server.rb:191:in `block in start_thread'


Started GET "/assets/application-61f5078d433430140aef57555d1677ed.js" for 127.0.0.1 at 2013-04-08 19:55:06 +0300

ActionController::RoutingError (No route matches [GET] "/assets/application-61f5078d433430140aef57555d1677ed.js"):
  actionpack (3.2.13) lib/action_dispatch/middleware/debug_exceptions.rb:21:in `call'
  actionpack (3.2.13) lib/action_dispatch/middleware/show_exceptions.rb:56:in `call'
  railties (3.2.13) lib/rails/rack/logger.rb:32:in `call_app'
  railties (3.2.13) lib/rails/rack/logger.rb:16:in `block in call'
  activesupport (3.2.13) lib/active_support/tagged_logging.rb:22:in `tagged'
  railties (3.2.13) lib/rails/rack/logger.rb:16:in `call'
  actionpack (3.2.13) lib/action_dispatch/middleware/request_id.rb:22:in `call'
  rack (1.4.5) lib/rack/methodoverride.rb:21:in `call'
  rack (1.4.5) lib/rack/runtime.rb:17:in `call'
  activesupport (3.2.13) lib/active_support/cache/strategy/local_cache.rb:72:in `call'
  rack (1.4.5) lib/rack/lock.rb:15:in `call'
  rack-cache (1.2) lib/rack/cache/context.rb:136:in `forward'
  rack-cache (1.2) lib/rack/cache/context.rb:245:in `fetch'
  rack-cache (1.2) lib/rack/cache/context.rb:185:in `lookup'
  rack-cache (1.2) lib/rack/cache/context.rb:66:in `call!'
  rack-cache (1.2) lib/rack/cache/context.rb:51:in `call'
  railties (3.2.13) lib/rails/engine.rb:479:in `call'
  railties (3.2.13) lib/rails/application.rb:223:in `call'
  rack (1.4.5) lib/rack/content_length.rb:14:in `call'
  railties (3.2.13) lib/rails/rack/log_tailer.rb:17:in `call'
  rack (1.4.5) lib/rack/handler/webrick.rb:59:in `service'
  /home/hell/.rvm/rubies/ruby-1.9.3-p374/lib/ruby/1.9.1/webrick/httpserver.rb:138:in `service'
  /home/hell/.rvm/rubies/ruby-1.9.3-p374/lib/ruby/1.9.1/webrick/httpserver.rb:94:in `run'
  /home/hell/.rvm/rubies/ruby-1.9.3-p374/lib/ruby/1.9.1/webrick/server.rb:191:in `block in start_thread'


Started GET "/" for 127.0.0.1 at 2013-04-08 19:55:07 +0300
Processing by HomeController#index as HTML
  Rendered home/index.html.haml within layouts/application (2.2ms)
  Rendered layouts/_notices.html.haml (0.3ms)
Completed 200 OK in 12ms (Views: 11.7ms | ActiveRecord: 0.0ms)
Started GET "/assets/application-82f5cdf24a2281a1b918c2cb8ea51498.css" for 127.0.0.1 at 2013-04-08 19:55:08 +0300

ActionController::RoutingError (No route matches [GET] "/assets/application-82f5cdf24a2281a1b918c2cb8ea51498.css"):
  actionpack (3.2.13) lib/action_dispatch/middleware/debug_exceptions.rb:21:in `call'
  actionpack (3.2.13) lib/action_dispatch/middleware/show_exceptions.rb:56:in `call'
  railties (3.2.13) lib/rails/rack/logger.rb:32:in `call_app'
  railties (3.2.13) lib/rails/rack/logger.rb:16:in `block in call'
  activesupport (3.2.13) lib/active_support/tagged_logging.rb:22:in `tagged'
  railties (3.2.13) lib/rails/rack/logger.rb:16:in `call'
  actionpack (3.2.13) lib/action_dispatch/middleware/request_id.rb:22:in `call'
  rack (1.4.5) lib/rack/methodoverride.rb:21:in `call'
  rack (1.4.5) lib/rack/runtime.rb:17:in `call'
  activesupport (3.2.13) lib/active_support/cache/strategy/local_cache.rb:72:in `call'
  rack (1.4.5) lib/rack/lock.rb:15:in `call'
  rack-cache (1.2) lib/rack/cache/context.rb:136:in `forward'
  rack-cache (1.2) lib/rack/cache/context.rb:245:in `fetch'
  rack-cache (1.2) lib/rack/cache/context.rb:185:in `lookup'
  rack-cache (1.2) lib/rack/cache/context.rb:66:in `call!'
  rack-cache (1.2) lib/rack/cache/context.rb:51:in `call'
  railties (3.2.13) lib/rails/engine.rb:479:in `call'
  railties (3.2.13) lib/rails/application.rb:223:in `call'
  rack (1.4.5) lib/rack/content_length.rb:14:in `call'
  railties (3.2.13) lib/rails/rack/log_tailer.rb:17:in `call'
  rack (1.4.5) lib/rack/handler/webrick.rb:59:in `service'
  /home/hell/.rvm/rubies/ruby-1.9.3-p374/lib/ruby/1.9.1/webrick/httpserver.rb:138:in `service'
  /home/hell/.rvm/rubies/ruby-1.9.3-p374/lib/ruby/1.9.1/webrick/httpserver.rb:94:in `run'
  /home/hell/.rvm/rubies/ruby-1.9.3-p374/lib/ruby/1.9.1/webrick/server.rb:191:in `block in start_thread'


Started GET "/assets/application-61f5078d433430140aef57555d1677ed.js" for 127.0.0.1 at 2013-04-08 19:55:08 +0300

ActionController::RoutingError (No route matches [GET] "/assets/application-61f5078d433430140aef57555d1677ed.js"):
  actionpack (3.2.13) lib/action_dispatch/middleware/debug_exceptions.rb:21:in `call'
  actionpack (3.2.13) lib/action_dispatch/middleware/show_exceptions.rb:56:in `call'
  railties (3.2.13) lib/rails/rack/logger.rb:32:in `call_app'
  railties (3.2.13) lib/rails/rack/logger.rb:16:in `block in call'
  activesupport (3.2.13) lib/active_support/tagged_logging.rb:22:in `tagged'
  railties (3.2.13) lib/rails/rack/logger.rb:16:in `call'
  actionpack (3.2.13) lib/action_dispatch/middleware/request_id.rb:22:in `call'
  rack (1.4.5) lib/rack/methodoverride.rb:21:in `call'
  rack (1.4.5) lib/rack/runtime.rb:17:in `call'
  activesupport (3.2.13) lib/active_support/cache/strategy/local_cache.rb:72:in `call'
  rack (1.4.5) lib/rack/lock.rb:15:in `call'
  rack-cache (1.2) lib/rack/cache/context.rb:136:in `forward'
  rack-cache (1.2) lib/rack/cache/context.rb:245:in `fetch'
  rack-cache (1.2) lib/rack/cache/context.rb:185:in `lookup'
  rack-cache (1.2) lib/rack/cache/context.rb:66:in `call!'
  rack-cache (1.2) lib/rack/cache/context.rb:51:in `call'
  railties (3.2.13) lib/rails/engine.rb:479:in `call'
  railties (3.2.13) lib/rails/application.rb:223:in `call'
  rack (1.4.5) lib/rack/content_length.rb:14:in `call'
  railties (3.2.13) lib/rails/rack/log_tailer.rb:17:in `call'
  rack (1.4.5) lib/rack/handler/webrick.rb:59:in `service'
  /home/hell/.rvm/rubies/ruby-1.9.3-p374/lib/ruby/1.9.1/webrick/httpserver.rb:138:in `service'
  /home/hell/.rvm/rubies/ruby-1.9.3-p374/lib/ruby/1.9.1/webrick/httpserver.rb:94:in `run'
  /home/hell/.rvm/rubies/ruby-1.9.3-p374/lib/ruby/1.9.1/webrick/server.rb:191:in `block in start_thread'


Started GET "/" for 127.0.0.1 at 2013-04-08 19:55:12 +0300
Processing by HomeController#index as HTML
  Rendered home/index.html.haml within layouts/application (2.1ms)
  Rendered layouts/_notices.html.haml (0.4ms)
Completed 200 OK in 14ms (Views: 12.8ms | ActiveRecord: 0.0ms)
Started GET "/assets/application-82f5cdf24a2281a1b918c2cb8ea51498.css" for 127.0.0.1 at 2013-04-08 19:55:13 +0300

ActionController::RoutingError (No route matches [GET] "/assets/application-82f5cdf24a2281a1b918c2cb8ea51498.css"):
  actionpack (3.2.13) lib/action_dispatch/middleware/debug_exceptions.rb:21:in `call'
  actionpack (3.2.13) lib/action_dispatch/middleware/show_exceptions.rb:56:in `call'
  railties (3.2.13) lib/rails/rack/logger.rb:32:in `call_app'
  railties (3.2.13) lib/rails/rack/logger.rb:16:in `block in call'
  activesupport (3.2.13) lib/active_support/tagged_logging.rb:22:in `tagged'
  railties (3.2.13) lib/rails/rack/logger.rb:16:in `call'
  actionpack (3.2.13) lib/action_dispatch/middleware/request_id.rb:22:in `call'
  rack (1.4.5) lib/rack/methodoverride.rb:21:in `call'
  rack (1.4.5) lib/rack/runtime.rb:17:in `call'
  activesupport (3.2.13) lib/active_support/cache/strategy/local_cache.rb:72:in `call'
  rack (1.4.5) lib/rack/lock.rb:15:in `call'
  rack-cache (1.2) lib/rack/cache/context.rb:136:in `forward'
  rack-cache (1.2) lib/rack/cache/context.rb:245:in `fetch'
  rack-cache (1.2) lib/rack/cache/context.rb:185:in `lookup'
  rack-cache (1.2) lib/rack/cache/context.rb:66:in `call!'
  rack-cache (1.2) lib/rack/cache/context.rb:51:in `call'
  railties (3.2.13) lib/rails/engine.rb:479:in `call'
  railties (3.2.13) lib/rails/application.rb:223:in `call'
  rack (1.4.5) lib/rack/content_length.rb:14:in `call'
  railties (3.2.13) lib/rails/rack/log_tailer.rb:17:in `call'
  rack (1.4.5) lib/rack/handler/webrick.rb:59:in `service'
  /home/hell/.rvm/rubies/ruby-1.9.3-p374/lib/ruby/1.9.1/webrick/httpserver.rb:138:in `service'
  /home/hell/.rvm/rubies/ruby-1.9.3-p374/lib/ruby/1.9.1/webrick/httpserver.rb:94:in `run'
  /home/hell/.rvm/rubies/ruby-1.9.3-p374/lib/ruby/1.9.1/webrick/server.rb:191:in `block in start_thread'


Started GET "/assets/application-61f5078d433430140aef57555d1677ed.js" for 127.0.0.1 at 2013-04-08 19:55:13 +0300

ActionController::RoutingError (No route matches [GET] "/assets/application-61f5078d433430140aef57555d1677ed.js"):
  actionpack (3.2.13) lib/action_dispatch/middleware/debug_exceptions.rb:21:in `call'
  actionpack (3.2.13) lib/action_dispatch/middleware/show_exceptions.rb:56:in `call'
  railties (3.2.13) lib/rails/rack/logger.rb:32:in `call_app'
  railties (3.2.13) lib/rails/rack/logger.rb:16:in `block in call'
  activesupport (3.2.13) lib/active_support/tagged_logging.rb:22:in `tagged'
  railties (3.2.13) lib/rails/rack/logger.rb:16:in `call'
  actionpack (3.2.13) lib/action_dispatch/middleware/request_id.rb:22:in `call'
  rack (1.4.5) lib/rack/methodoverride.rb:21:in `call'
  rack (1.4.5) lib/rack/runtime.rb:17:in `call'
  activesupport (3.2.13) lib/active_support/cache/strategy/local_cache.rb:72:in `call'
  rack (1.4.5) lib/rack/lock.rb:15:in `call'
  rack-cache (1.2) lib/rack/cache/context.rb:136:in `forward'
  rack-cache (1.2) lib/rack/cache/context.rb:245:in `fetch'
  rack-cache (1.2) lib/rack/cache/context.rb:185:in `lookup'
  rack-cache (1.2) lib/rack/cache/context.rb:66:in `call!'
  rack-cache (1.2) lib/rack/cache/context.rb:51:in `call'
  railties (3.2.13) lib/rails/engine.rb:479:in `call'
  railties (3.2.13) lib/rails/application.rb:223:in `call'
  rack (1.4.5) lib/rack/content_length.rb:14:in `call'
  railties (3.2.13) lib/rails/rack/log_tailer.rb:17:in `call'
  rack (1.4.5) lib/rack/handler/webrick.rb:59:in `service'
  /home/hell/.rvm/rubies/ruby-1.9.3-p374/lib/ruby/1.9.1/webrick/httpserver.rb:138:in `service'
  /home/hell/.rvm/rubies/ruby-1.9.3-p374/lib/ruby/1.9.1/webrick/httpserver.rb:94:in `run'
  /home/hell/.rvm/rubies/ruby-1.9.3-p374/lib/ruby/1.9.1/webrick/server.rb:191:in `block in start_thread'


Started GET "/" for 127.0.0.1 at 2013-04-08 19:55:58 +0300
Processing by HomeController#index as HTML
  Rendered home/index.html.haml within layouts/application (2.2ms)
  Rendered layouts/_notices.html.haml (0.4ms)
Completed 200 OK in 15ms (Views: 14.1ms | ActiveRecord: 0.0ms)
Started GET "/assets/application-82f5cdf24a2281a1b918c2cb8ea51498.css" for 127.0.0.1 at 2013-04-08 19:55:58 +0300

ActionController::RoutingError (No route matches [GET] "/assets/application-82f5cdf24a2281a1b918c2cb8ea51498.css"):
  actionpack (3.2.13) lib/action_dispatch/middleware/debug_exceptions.rb:21:in `call'
  actionpack (3.2.13) lib/action_dispatch/middleware/show_exceptions.rb:56:in `call'
  railties (3.2.13) lib/rails/rack/logger.rb:32:in `call_app'
  railties (3.2.13) lib/rails/rack/logger.rb:16:in `block in call'
  activesupport (3.2.13) lib/active_support/tagged_logging.rb:22:in `tagged'
  railties (3.2.13) lib/rails/rack/logger.rb:16:in `call'
  actionpack (3.2.13) lib/action_dispatch/middleware/request_id.rb:22:in `call'
  rack (1.4.5) lib/rack/methodoverride.rb:21:in `call'
  rack (1.4.5) lib/rack/runtime.rb:17:in `call'
  activesupport (3.2.13) lib/active_support/cache/strategy/local_cache.rb:72:in `call'
  rack (1.4.5) lib/rack/lock.rb:15:in `call'
  rack-cache (1.2) lib/rack/cache/context.rb:136:in `forward'
  rack-cache (1.2) lib/rack/cache/context.rb:245:in `fetch'
  rack-cache (1.2) lib/rack/cache/context.rb:185:in `lookup'
  rack-cache (1.2) lib/rack/cache/context.rb:66:in `call!'
  rack-cache (1.2) lib/rack/cache/context.rb:51:in `call'
  railties (3.2.13) lib/rails/engine.rb:479:in `call'
  railties (3.2.13) lib/rails/application.rb:223:in `call'
  rack (1.4.5) lib/rack/content_length.rb:14:in `call'
  railties (3.2.13) lib/rails/rack/log_tailer.rb:17:in `call'
  rack (1.4.5) lib/rack/handler/webrick.rb:59:in `service'
  /home/hell/.rvm/rubies/ruby-1.9.3-p374/lib/ruby/1.9.1/webrick/httpserver.rb:138:in `service'
  /home/hell/.rvm/rubies/ruby-1.9.3-p374/lib/ruby/1.9.1/webrick/httpserver.rb:94:in `run'
  /home/hell/.rvm/rubies/ruby-1.9.3-p374/lib/ruby/1.9.1/webrick/server.rb:191:in `block in start_thread'


Started GET "/assets/application-61f5078d433430140aef57555d1677ed.js" for 127.0.0.1 at 2013-04-08 19:55:58 +0300

ActionController::RoutingError (No route matches [GET] "/assets/application-61f5078d433430140aef57555d1677ed.js"):
  actionpack (3.2.13) lib/action_dispatch/middleware/debug_exceptions.rb:21:in `call'
  actionpack (3.2.13) lib/action_dispatch/middleware/show_exceptions.rb:56:in `call'
  railties (3.2.13) lib/rails/rack/logger.rb:32:in `call_app'
  railties (3.2.13) lib/rails/rack/logger.rb:16:in `block in call'
  activesupport (3.2.13) lib/active_support/tagged_logging.rb:22:in `tagged'
  railties (3.2.13) lib/rails/rack/logger.rb:16:in `call'
  actionpack (3.2.13) lib/action_dispatch/middleware/request_id.rb:22:in `call'
  rack (1.4.5) lib/rack/methodoverride.rb:21:in `call'
  rack (1.4.5) lib/rack/runtime.rb:17:in `call'
  activesupport (3.2.13) lib/active_support/cache/strategy/local_cache.rb:72:in `call'
  rack (1.4.5) lib/rack/lock.rb:15:in `call'
  rack-cache (1.2) lib/rack/cache/context.rb:136:in `forward'
  rack-cache (1.2) lib/rack/cache/context.rb:245:in `fetch'
  rack-cache (1.2) lib/rack/cache/context.rb:185:in `lookup'
  rack-cache (1.2) lib/rack/cache/context.rb:66:in `call!'
  rack-cache (1.2) lib/rack/cache/context.rb:51:in `call'
  railties (3.2.13) lib/rails/engine.rb:479:in `call'
  railties (3.2.13) lib/rails/application.rb:223:in `call'
  rack (1.4.5) lib/rack/content_length.rb:14:in `call'
  railties (3.2.13) lib/rails/rack/log_tailer.rb:17:in `call'
  rack (1.4.5) lib/rack/handler/webrick.rb:59:in `service'
  /home/hell/.rvm/rubies/ruby-1.9.3-p374/lib/ruby/1.9.1/webrick/httpserver.rb:138:in `service'
  /home/hell/.rvm/rubies/ruby-1.9.3-p374/lib/ruby/1.9.1/webrick/httpserver.rb:94:in `run'
  /home/hell/.rvm/rubies/ruby-1.9.3-p374/lib/ruby/1.9.1/webrick/server.rb:191:in `block in start_thread'


